[30-Jan-2026 01:47:47 UTC] PHP Deprecated:  Sebo\Alfarrabio\Models\Item::paginacao(): Implicitly marking parameter $tipo as nullable is deprecated, the explicit nullable type must be used instead in C:\Users\AMD\Videos\Sebo-Alfarrabio\backend\Models\Item.php on line 346
[30-Jan-2026 01:47:47 UTC] PHP Deprecated:  Sebo\Alfarrabio\Models\Item::totalDeItens(): Implicitly marking parameter $tipo as nullable is deprecated, the explicit nullable type must be used instead in C:\Users\AMD\Videos\Sebo-Alfarrabio\backend\Models\Item.php on line 405
[30-Jan-2026 01:47:47 UTC] PHP Deprecated:  Sebo\Alfarrabio\Models\Item::totalDeItensInativos(): Implicitly marking parameter $tipo as nullable is deprecated, the explicit nullable type must be used instead in C:\Users\AMD\Videos\Sebo-Alfarrabio\backend\Models\Item.php on line 418
[30-Jan-2026 01:47:47 UTC] PHP Deprecated:  Sebo\Alfarrabio\Models\Item::totalDeItensAtivos(): Implicitly marking parameter $tipo as nullable is deprecated, the explicit nullable type must be used instead in C:\Users\AMD\Videos\Sebo-Alfarrabio\backend\Models\Item.php on line 431
[30-Jan-2026 01:47:49 UTC] PHP Deprecated:  Sebo\Alfarrabio\Models\Item::paginacao(): Implicitly marking parameter $tipo as nullable is deprecated, the explicit nullable type must be used instead in C:\Users\AMD\Videos\Sebo-Alfarrabio\backend\Models\Item.php on line 346
[30-Jan-2026 01:47:49 UTC] PHP Deprecated:  Sebo\Alfarrabio\Models\Item::totalDeItens(): Implicitly marking parameter $tipo as nullable is deprecated, the explicit nullable type must be used instead in C:\Users\AMD\Videos\Sebo-Alfarrabio\backend\Models\Item.php on line 405
[30-Jan-2026 01:47:49 UTC] PHP Deprecated:  Sebo\Alfarrabio\Models\Item::totalDeItensInativos(): Implicitly marking parameter $tipo as nullable is deprecated, the explicit nullable type must be used instead in C:\Users\AMD\Videos\Sebo-Alfarrabio\backend\Models\Item.php on line 418
[30-Jan-2026 01:47:49 UTC] PHP Deprecated:  Sebo\Alfarrabio\Models\Item::totalDeItensAtivos(): Implicitly marking parameter $tipo as nullable is deprecated, the explicit nullable type must be used instead in C:\Users\AMD\Videos\Sebo-Alfarrabio\backend\Models\Item.php on line 431
[30-Jan-2026 01:47:52 UTC] PHP Deprecated:  Sebo\Alfarrabio\Models\Item::paginacao(): Implicitly marking parameter $tipo as nullable is deprecated, the explicit nullable type must be used instead in C:\Users\AMD\Videos\Sebo-Alfarrabio\backend\Models\Item.php on line 346
[30-Jan-2026 01:47:52 UTC] PHP Deprecated:  Sebo\Alfarrabio\Models\Item::totalDeItens(): Implicitly marking parameter $tipo as nullable is deprecated, the explicit nullable type must be used instead in C:\Users\AMD\Videos\Sebo-Alfarrabio\backend\Models\Item.php on line 405
[30-Jan-2026 01:47:52 UTC] PHP Deprecated:  Sebo\Alfarrabio\Models\Item::totalDeItensInativos(): Implicitly marking parameter $tipo as nullable is deprecated, the explicit nullable type must be used instead in C:\Users\AMD\Videos\Sebo-Alfarrabio\backend\Models\Item.php on line 418
[30-Jan-2026 01:47:52 UTC] PHP Deprecated:  Sebo\Alfarrabio\Models\Item::totalDeItensAtivos(): Implicitly marking parameter $tipo as nullable is deprecated, the explicit nullable type must be used instead in C:\Users\AMD\Videos\Sebo-Alfarrabio\backend\Models\Item.php on line 431
[30-Jan-2026 01:56:01 UTC] PHP Deprecated:  Sebo\Alfarrabio\Models\Item::paginacao(): Implicitly marking parameter $tipo as nullable is deprecated, the explicit nullable type must be used instead in C:\Users\AMD\Videos\Sebo-Alfarrabio\backend\Models\Item.php on line 346
[30-Jan-2026 01:56:01 UTC] PHP Deprecated:  Sebo\Alfarrabio\Models\Item::totalDeItens(): Implicitly marking parameter $tipo as nullable is deprecated, the explicit nullable type must be used instead in C:\Users\AMD\Videos\Sebo-Alfarrabio\backend\Models\Item.php on line 405
[30-Jan-2026 01:56:01 UTC] PHP Deprecated:  Sebo\Alfarrabio\Models\Item::totalDeItensInativos(): Implicitly marking parameter $tipo as nullable is deprecated, the explicit nullable type must be used instead in C:\Users\AMD\Videos\Sebo-Alfarrabio\backend\Models\Item.php on line 418
[30-Jan-2026 01:56:01 UTC] PHP Deprecated:  Sebo\Alfarrabio\Models\Item::totalDeItensAtivos(): Implicitly marking parameter $tipo as nullable is deprecated, the explicit nullable type must be used instead in C:\Users\AMD\Videos\Sebo-Alfarrabio\backend\Models\Item.php on line 431
[30-Jan-2026 01:56:02 UTC] PHP Deprecated:  Sebo\Alfarrabio\Models\Item::paginacao(): Implicitly marking parameter $tipo as nullable is deprecated, the explicit nullable type must be used instead in C:\Users\AMD\Videos\Sebo-Alfarrabio\backend\Models\Item.php on line 346
[30-Jan-2026 01:56:02 UTC] PHP Deprecated:  Sebo\Alfarrabio\Models\Item::totalDeItens(): Implicitly marking parameter $tipo as nullable is deprecated, the explicit nullable type must be used instead in C:\Users\AMD\Videos\Sebo-Alfarrabio\backend\Models\Item.php on line 405
[30-Jan-2026 01:56:02 UTC] PHP Deprecated:  Sebo\Alfarrabio\Models\Item::totalDeItensInativos(): Implicitly marking parameter $tipo as nullable is deprecated, the explicit nullable type must be used instead in C:\Users\AMD\Videos\Sebo-Alfarrabio\backend\Models\Item.php on line 418
[30-Jan-2026 01:56:02 UTC] PHP Deprecated:  Sebo\Alfarrabio\Models\Item::totalDeItensAtivos(): Implicitly marking parameter $tipo as nullable is deprecated, the explicit nullable type must be used instead in C:\Users\AMD\Videos\Sebo-Alfarrabio\backend\Models\Item.php on line 431
[30-Jan-2026 01:56:05 UTC] PHP Deprecated:  Sebo\Alfarrabio\Models\Usuario::atualizarUsuario(): Optional parameter $senha declared before required parameter $tipo is implicitly treated as a required parameter in C:\Users\AMD\Videos\Sebo-Alfarrabio\backend\Models\Usuario.php on line 153
[30-Jan-2026 01:57:07 UTC] PHP Deprecated:  Sebo\Alfarrabio\Models\Usuario::atualizarUsuario(): Optional parameter $senha declared before required parameter $tipo is implicitly treated as a required parameter in C:\Users\AMD\Videos\Sebo-Alfarrabio\backend\Models\Usuario.php on line 153
[30-Jan-2026 01:57:07 UTC] Login bem-sucedido: bvalquiria988@gmail.com
[30-Jan-2026 01:57:07 UTC] PHP Deprecated:  Sebo\Alfarrabio\Models\Item::paginacao(): Implicitly marking parameter $tipo as nullable is deprecated, the explicit nullable type must be used instead in C:\Users\AMD\Videos\Sebo-Alfarrabio\backend\Models\Item.php on line 346
[30-Jan-2026 01:57:07 UTC] PHP Deprecated:  Sebo\Alfarrabio\Models\Item::totalDeItens(): Implicitly marking parameter $tipo as nullable is deprecated, the explicit nullable type must be used instead in C:\Users\AMD\Videos\Sebo-Alfarrabio\backend\Models\Item.php on line 405
[30-Jan-2026 01:57:07 UTC] PHP Deprecated:  Sebo\Alfarrabio\Models\Item::totalDeItensInativos(): Implicitly marking parameter $tipo as nullable is deprecated, the explicit nullable type must be used instead in C:\Users\AMD\Videos\Sebo-Alfarrabio\backend\Models\Item.php on line 418
[30-Jan-2026 01:57:07 UTC] PHP Deprecated:  Sebo\Alfarrabio\Models\Item::totalDeItensAtivos(): Implicitly marking parameter $tipo as nullable is deprecated, the explicit nullable type must be used instead in C:\Users\AMD\Videos\Sebo-Alfarrabio\backend\Models\Item.php on line 431
[30-Jan-2026 01:57:18 UTC] PHP Deprecated:  Sebo\Alfarrabio\Models\Item::paginacao(): Implicitly marking parameter $tipo as nullable is deprecated, the explicit nullable type must be used instead in C:\Users\AMD\Videos\Sebo-Alfarrabio\backend\Models\Item.php on line 346
[30-Jan-2026 01:57:18 UTC] PHP Deprecated:  Sebo\Alfarrabio\Models\Item::totalDeItens(): Implicitly marking parameter $tipo as nullable is deprecated, the explicit nullable type must be used instead in C:\Users\AMD\Videos\Sebo-Alfarrabio\backend\Models\Item.php on line 405
[30-Jan-2026 01:57:18 UTC] PHP Deprecated:  Sebo\Alfarrabio\Models\Item::totalDeItensInativos(): Implicitly marking parameter $tipo as nullable is deprecated, the explicit nullable type must be used instead in C:\Users\AMD\Videos\Sebo-Alfarrabio\backend\Models\Item.php on line 418
[30-Jan-2026 01:57:18 UTC] PHP Deprecated:  Sebo\Alfarrabio\Models\Item::totalDeItensAtivos(): Implicitly marking parameter $tipo as nullable is deprecated, the explicit nullable type must be used instead in C:\Users\AMD\Videos\Sebo-Alfarrabio\backend\Models\Item.php on line 431
[30-Jan-2026 01:57:18 UTC] PHP Deprecated:  Sebo\Alfarrabio\Models\Autor::inserirAutor(): Implicitly marking parameter $biografia as nullable is deprecated, the explicit nullable type must be used instead in C:\Users\AMD\Videos\Sebo-Alfarrabio\backend\Models\Autor.php on line 133
[30-Jan-2026 01:57:18 UTC] PHP Deprecated:  Sebo\Alfarrabio\Models\Autor::atualizarAutor(): Implicitly marking parameter $biografia as nullable is deprecated, the explicit nullable type must be used instead in C:\Users\AMD\Videos\Sebo-Alfarrabio\backend\Models\Autor.php on line 151
[30-Jan-2026 01:57:18 UTC] PHP Deprecated:  htmlspecialchars(): Passing null to parameter #1 ($string) of type string is deprecated in C:\Users\AMD\Videos\Sebo-Alfarrabio\backend\Views\templates\item\index.php on line 789
[30-Jan-2026 01:57:18 UTC] PHP Deprecated:  htmlspecialchars(): Passing null to parameter #1 ($string) of type string is deprecated in C:\Users\AMD\Videos\Sebo-Alfarrabio\backend\Views\templates\item\index.php on line 790
[30-Jan-2026 01:57:18 UTC] PHP Deprecated:  htmlspecialchars(): Passing null to parameter #1 ($string) of type string is deprecated in C:\Users\AMD\Videos\Sebo-Alfarrabio\backend\Views\templates\item\index.php on line 789
[30-Jan-2026 01:57:18 UTC] PHP Deprecated:  htmlspecialchars(): Passing null to parameter #1 ($string) of type string is deprecated in C:\Users\AMD\Videos\Sebo-Alfarrabio\backend\Views\templates\item\index.php on line 790
[30-Jan-2026 01:57:18 UTC] PHP Deprecated:  htmlspecialchars(): Passing null to parameter #1 ($string) of type string is deprecated in C:\Users\AMD\Videos\Sebo-Alfarrabio\backend\Views\templates\item\index.php on line 789
[30-Jan-2026 01:57:18 UTC] PHP Deprecated:  htmlspecialchars(): Passing null to parameter #1 ($string) of type string is deprecated in C:\Users\AMD\Videos\Sebo-Alfarrabio\backend\Views\templates\item\index.php on line 790
[30-Jan-2026 01:57:18 UTC] PHP Deprecated:  htmlspecialchars(): Passing null to parameter #1 ($string) of type string is deprecated in C:\Users\AMD\Videos\Sebo-Alfarrabio\backend\Views\templates\item\index.php on line 789
[30-Jan-2026 01:57:18 UTC] PHP Deprecated:  htmlspecialchars(): Passing null to parameter #1 ($string) of type string is deprecated in C:\Users\AMD\Videos\Sebo-Alfarrabio\backend\Views\templates\item\index.php on line 790
[30-Jan-2026 01:57:18 UTC] PHP Deprecated:  htmlspecialchars(): Passing null to parameter #1 ($string) of type string is deprecated in C:\Users\AMD\Videos\Sebo-Alfarrabio\backend\Views\templates\item\index.php on line 789
[30-Jan-2026 01:57:18 UTC] PHP Deprecated:  htmlspecialchars(): Passing null to parameter #1 ($string) of type string is deprecated in C:\Users\AMD\Videos\Sebo-Alfarrabio\backend\Views\templates\item\index.php on line 790
[30-Jan-2026 01:57:18 UTC] PHP Deprecated:  htmlspecialchars(): Passing null to parameter #1 ($string) of type string is deprecated in C:\Users\AMD\Videos\Sebo-Alfarrabio\backend\Views\templates\item\index.php on line 789
[30-Jan-2026 01:57:18 UTC] PHP Deprecated:  htmlspecialchars(): Passing null to parameter #1 ($string) of type string is deprecated in C:\Users\AMD\Videos\Sebo-Alfarrabio\backend\Views\templates\item\index.php on line 790
[30-Jan-2026 01:57:18 UTC] PHP Deprecated:  htmlspecialchars(): Passing null to parameter #1 ($string) of type string is deprecated in C:\Users\AMD\Videos\Sebo-Alfarrabio\backend\Views\templates\item\index.php on line 789
[30-Jan-2026 01:57:18 UTC] PHP Deprecated:  htmlspecialchars(): Passing null to parameter #1 ($string) of type string is deprecated in C:\Users\AMD\Videos\Sebo-Alfarrabio\backend\Views\templates\item\index.php on line 790
[30-Jan-2026 01:57:18 UTC] PHP Deprecated:  htmlspecialchars(): Passing null to parameter #1 ($string) of type string is deprecated in C:\Users\AMD\Videos\Sebo-Alfarrabio\backend\Views\templates\item\index.php on line 789
[30-Jan-2026 01:57:18 UTC] PHP Deprecated:  htmlspecialchars(): Passing null to parameter #1 ($string) of type string is deprecated in C:\Users\AMD\Videos\Sebo-Alfarrabio\backend\Views\templates\item\index.php on line 790
[30-Jan-2026 01:57:18 UTC] PHP Deprecated:  htmlspecialchars(): Passing null to parameter #1 ($string) of type string is deprecated in C:\Users\AMD\Videos\Sebo-Alfarrabio\backend\Views\templates\item\index.php on line 789
[30-Jan-2026 01:57:18 UTC] PHP Deprecated:  htmlspecialchars(): Passing null to parameter #1 ($string) of type string is deprecated in C:\Users\AMD\Videos\Sebo-Alfarrabio\backend\Views\templates\item\index.php on line 790
[30-Jan-2026 01:57:18 UTC] PHP Deprecated:  htmlspecialchars(): Passing null to parameter #1 ($string) of type string is deprecated in C:\Users\AMD\Videos\Sebo-Alfarrabio\backend\Views\templates\item\index.php on line 789
[30-Jan-2026 01:57:18 UTC] PHP Deprecated:  htmlspecialchars(): Passing null to parameter #1 ($string) of type string is deprecated in C:\Users\AMD\Videos\Sebo-Alfarrabio\backend\Views\templates\item\index.php on line 790
[30-Jan-2026 01:57:35 UTC] PHP Deprecated:  Sebo\Alfarrabio\Models\Item::paginacao(): Implicitly marking parameter $tipo as nullable is deprecated, the explicit nullable type must be used instead in C:\Users\AMD\Videos\Sebo-Alfarrabio\backend\Models\Item.php on line 346
[30-Jan-2026 01:57:35 UTC] PHP Deprecated:  Sebo\Alfarrabio\Models\Item::totalDeItens(): Implicitly marking parameter $tipo as nullable is deprecated, the explicit nullable type must be used instead in C:\Users\AMD\Videos\Sebo-Alfarrabio\backend\Models\Item.php on line 405
[30-Jan-2026 01:57:35 UTC] PHP Deprecated:  Sebo\Alfarrabio\Models\Item::totalDeItensInativos(): Implicitly marking parameter $tipo as nullable is deprecated, the explicit nullable type must be used instead in C:\Users\AMD\Videos\Sebo-Alfarrabio\backend\Models\Item.php on line 418
[30-Jan-2026 01:57:35 UTC] PHP Deprecated:  Sebo\Alfarrabio\Models\Item::totalDeItensAtivos(): Implicitly marking parameter $tipo as nullable is deprecated, the explicit nullable type must be used instead in C:\Users\AMD\Videos\Sebo-Alfarrabio\backend\Models\Item.php on line 431
[30-Jan-2026 01:57:35 UTC] PHP Deprecated:  Sebo\Alfarrabio\Models\Autor::inserirAutor(): Implicitly marking parameter $biografia as nullable is deprecated, the explicit nullable type must be used instead in C:\Users\AMD\Videos\Sebo-Alfarrabio\backend\Models\Autor.php on line 133
[30-Jan-2026 01:57:35 UTC] PHP Deprecated:  Sebo\Alfarrabio\Models\Autor::atualizarAutor(): Implicitly marking parameter $biografia as nullable is deprecated, the explicit nullable type must be used instead in C:\Users\AMD\Videos\Sebo-Alfarrabio\backend\Models\Autor.php on line 151
[30-Jan-2026 01:57:56 UTC] PHP Deprecated:  Sebo\Alfarrabio\Models\Item::paginacao(): Implicitly marking parameter $tipo as nullable is deprecated, the explicit nullable type must be used instead in C:\Users\AMD\Videos\Sebo-Alfarrabio\backend\Models\Item.php on line 346
[30-Jan-2026 01:57:56 UTC] PHP Deprecated:  Sebo\Alfarrabio\Models\Item::totalDeItens(): Implicitly marking parameter $tipo as nullable is deprecated, the explicit nullable type must be used instead in C:\Users\AMD\Videos\Sebo-Alfarrabio\backend\Models\Item.php on line 405
[30-Jan-2026 01:57:56 UTC] PHP Deprecated:  Sebo\Alfarrabio\Models\Item::totalDeItensInativos(): Implicitly marking parameter $tipo as nullable is deprecated, the explicit nullable type must be used instead in C:\Users\AMD\Videos\Sebo-Alfarrabio\backend\Models\Item.php on line 418
[30-Jan-2026 01:57:56 UTC] PHP Deprecated:  Sebo\Alfarrabio\Models\Item::totalDeItensAtivos(): Implicitly marking parameter $tipo as nullable is deprecated, the explicit nullable type must be used instead in C:\Users\AMD\Videos\Sebo-Alfarrabio\backend\Models\Item.php on line 431
[30-Jan-2026 01:57:56 UTC] PHP Deprecated:  Sebo\Alfarrabio\Models\Autor::inserirAutor(): Implicitly marking parameter $biografia as nullable is deprecated, the explicit nullable type must be used instead in C:\Users\AMD\Videos\Sebo-Alfarrabio\backend\Models\Autor.php on line 133
[30-Jan-2026 01:57:56 UTC] PHP Deprecated:  Sebo\Alfarrabio\Models\Autor::atualizarAutor(): Implicitly marking parameter $biografia as nullable is deprecated, the explicit nullable type must be used instead in C:\Users\AMD\Videos\Sebo-Alfarrabio\backend\Models\Autor.php on line 151
[30-Jan-2026 01:57:56 UTC] PHP Deprecated:  htmlspecialchars(): Passing null to parameter #1 ($string) of type string is deprecated in C:\Users\AMD\Videos\Sebo-Alfarrabio\backend\Views\templates\item\index.php on line 789
[30-Jan-2026 01:57:56 UTC] PHP Deprecated:  htmlspecialchars(): Passing null to parameter #1 ($string) of type string is deprecated in C:\Users\AMD\Videos\Sebo-Alfarrabio\backend\Views\templates\item\index.php on line 790
[30-Jan-2026 01:57:56 UTC] PHP Deprecated:  htmlspecialchars(): Passing null to parameter #1 ($string) of type string is deprecated in C:\Users\AMD\Videos\Sebo-Alfarrabio\backend\Views\templates\item\index.php on line 789
[30-Jan-2026 01:57:56 UTC] PHP Deprecated:  htmlspecialchars(): Passing null to parameter #1 ($string) of type string is deprecated in C:\Users\AMD\Videos\Sebo-Alfarrabio\backend\Views\templates\item\index.php on line 790
[30-Jan-2026 01:57:56 UTC] PHP Deprecated:  htmlspecialchars(): Passing null to parameter #1 ($string) of type string is deprecated in C:\Users\AMD\Videos\Sebo-Alfarrabio\backend\Views\templates\item\index.php on line 789
[30-Jan-2026 01:57:56 UTC] PHP Deprecated:  htmlspecialchars(): Passing null to parameter #1 ($string) of type string is deprecated in C:\Users\AMD\Videos\Sebo-Alfarrabio\backend\Views\templates\item\index.php on line 790
[30-Jan-2026 01:57:56 UTC] PHP Deprecated:  htmlspecialchars(): Passing null to parameter #1 ($string) of type string is deprecated in C:\Users\AMD\Videos\Sebo-Alfarrabio\backend\Views\templates\item\index.php on line 789
[30-Jan-2026 01:57:56 UTC] PHP Deprecated:  htmlspecialchars(): Passing null to parameter #1 ($string) of type string is deprecated in C:\Users\AMD\Videos\Sebo-Alfarrabio\backend\Views\templates\item\index.php on line 790
[30-Jan-2026 01:57:56 UTC] PHP Deprecated:  htmlspecialchars(): Passing null to parameter #1 ($string) of type string is deprecated in C:\Users\AMD\Videos\Sebo-Alfarrabio\backend\Views\templates\item\index.php on line 789
[30-Jan-2026 01:57:56 UTC] PHP Deprecated:  htmlspecialchars(): Passing null to parameter #1 ($string) of type string is deprecated in C:\Users\AMD\Videos\Sebo-Alfarrabio\backend\Views\templates\item\index.php on line 790
[30-Jan-2026 01:57:56 UTC] PHP Deprecated:  htmlspecialchars(): Passing null to parameter #1 ($string) of type string is deprecated in C:\Users\AMD\Videos\Sebo-Alfarrabio\backend\Views\templates\item\index.php on line 789
[30-Jan-2026 01:57:56 UTC] PHP Deprecated:  htmlspecialchars(): Passing null to parameter #1 ($string) of type string is deprecated in C:\Users\AMD\Videos\Sebo-Alfarrabio\backend\Views\templates\item\index.php on line 790
[30-Jan-2026 01:57:56 UTC] PHP Deprecated:  htmlspecialchars(): Passing null to parameter #1 ($string) of type string is deprecated in C:\Users\AMD\Videos\Sebo-Alfarrabio\backend\Views\templates\item\index.php on line 789
[30-Jan-2026 01:57:56 UTC] PHP Deprecated:  htmlspecialchars(): Passing null to parameter #1 ($string) of type string is deprecated in C:\Users\AMD\Videos\Sebo-Alfarrabio\backend\Views\templates\item\index.php on line 790
[30-Jan-2026 01:57:56 UTC] PHP Deprecated:  htmlspecialchars(): Passing null to parameter #1 ($string) of type string is deprecated in C:\Users\AMD\Videos\Sebo-Alfarrabio\backend\Views\templates\item\index.php on line 789
[30-Jan-2026 01:57:56 UTC] PHP Deprecated:  htmlspecialchars(): Passing null to parameter #1 ($string) of type string is deprecated in C:\Users\AMD\Videos\Sebo-Alfarrabio\backend\Views\templates\item\index.php on line 790
[30-Jan-2026 01:57:56 UTC] PHP Deprecated:  htmlspecialchars(): Passing null to parameter #1 ($string) of type string is deprecated in C:\Users\AMD\Videos\Sebo-Alfarrabio\backend\Views\templates\item\index.php on line 789
[30-Jan-2026 01:57:56 UTC] PHP Deprecated:  htmlspecialchars(): Passing null to parameter #1 ($string) of type string is deprecated in C:\Users\AMD\Videos\Sebo-Alfarrabio\backend\Views\templates\item\index.php on line 790
[30-Jan-2026 01:57:56 UTC] PHP Deprecated:  htmlspecialchars(): Passing null to parameter #1 ($string) of type string is deprecated in C:\Users\AMD\Videos\Sebo-Alfarrabio\backend\Views\templates\item\index.php on line 789
[30-Jan-2026 01:57:56 UTC] PHP Deprecated:  htmlspecialchars(): Passing null to parameter #1 ($string) of type string is deprecated in C:\Users\AMD\Videos\Sebo-Alfarrabio\backend\Views\templates\item\index.php on line 790
[30-Jan-2026 02:02:20 UTC] PHP Warning:  Undefined array key "id_pedido" in C:\Users\AMD\Videos\Sebo-Alfarrabio\backend\Views\templates\pedidos\index.php on line 431
[30-Jan-2026 02:02:20 UTC] PHP Warning:  Undefined array key "status_pedido" in C:\Users\AMD\Videos\Sebo-Alfarrabio\backend\Views\templates\pedidos\index.php on line 434
[30-Jan-2026 02:02:20 UTC] PHP Warning:  Undefined array key "id_pedido" in C:\Users\AMD\Videos\Sebo-Alfarrabio\backend\Views\templates\pedidos\index.php on line 436
[30-Jan-2026 02:02:20 UTC] PHP Warning:  Undefined array key "id_pedido" in C:\Users\AMD\Videos\Sebo-Alfarrabio\backend\Views\templates\pedidos\index.php on line 439
[30-Jan-2026 02:02:20 UTC] PHP Warning:  Undefined array key "id_pedido" in C:\Users\AMD\Videos\Sebo-Alfarrabio\backend\Views\templates\pedidos\index.php on line 431
[30-Jan-2026 02:02:20 UTC] PHP Warning:  Undefined array key "status_pedido" in C:\Users\AMD\Videos\Sebo-Alfarrabio\backend\Views\templates\pedidos\index.php on line 434
[30-Jan-2026 02:02:20 UTC] PHP Warning:  Undefined array key "id_pedido" in C:\Users\AMD\Videos\Sebo-Alfarrabio\backend\Views\templates\pedidos\index.php on line 436
[30-Jan-2026 02:02:20 UTC] PHP Warning:  Undefined array key "id_pedido" in C:\Users\AMD\Videos\Sebo-Alfarrabio\backend\Views\templates\pedidos\index.php on line 439
[30-Jan-2026 02:02:20 UTC] PHP Warning:  Undefined array key "id_pedido" in C:\Users\AMD\Videos\Sebo-Alfarrabio\backend\Views\templates\pedidos\index.php on line 431
[30-Jan-2026 02:02:20 UTC] PHP Warning:  Undefined array key "status_pedido" in C:\Users\AMD\Videos\Sebo-Alfarrabio\backend\Views\templates\pedidos\index.php on line 434
[30-Jan-2026 02:02:20 UTC] PHP Warning:  Undefined array key "id_pedido" in C:\Users\AMD\Videos\Sebo-Alfarrabio\backend\Views\templates\pedidos\index.php on line 436
[30-Jan-2026 02:02:20 UTC] PHP Warning:  Undefined array key "id_pedido" in C:\Users\AMD\Videos\Sebo-Alfarrabio\backend\Views\templates\pedidos\index.php on line 439
[30-Jan-2026 02:02:20 UTC] PHP Warning:  Undefined array key "id_pedido" in C:\Users\AMD\Videos\Sebo-Alfarrabio\backend\Views\templates\pedidos\index.php on line 431
[30-Jan-2026 02:02:20 UTC] PHP Warning:  Undefined array key "status_pedido" in C:\Users\AMD\Videos\Sebo-Alfarrabio\backend\Views\templates\pedidos\index.php on line 434
[30-Jan-2026 02:02:20 UTC] PHP Warning:  Undefined array key "id_pedido" in C:\Users\AMD\Videos\Sebo-Alfarrabio\backend\Views\templates\pedidos\index.php on line 436
[30-Jan-2026 02:02:20 UTC] PHP Warning:  Undefined array key "id_pedido" in C:\Users\AMD\Videos\Sebo-Alfarrabio\backend\Views\templates\pedidos\index.php on line 439
[30-Jan-2026 02:02:20 UTC] PHP Warning:  Undefined array key "id_pedido" in C:\Users\AMD\Videos\Sebo-Alfarrabio\backend\Views\templates\pedidos\index.php on line 431
[30-Jan-2026 02:02:20 UTC] PHP Warning:  Undefined array key "status_pedido" in C:\Users\AMD\Videos\Sebo-Alfarrabio\backend\Views\templates\pedidos\index.php on line 434
[30-Jan-2026 02:02:20 UTC] PHP Warning:  Undefined array key "id_pedido" in C:\Users\AMD\Videos\Sebo-Alfarrabio\backend\Views\templates\pedidos\index.php on line 436
[30-Jan-2026 02:02:20 UTC] PHP Warning:  Undefined array key "id_pedido" in C:\Users\AMD\Videos\Sebo-Alfarrabio\backend\Views\templates\pedidos\index.php on line 439
[30-Jan-2026 02:02:20 UTC] PHP Warning:  Undefined array key "id_pedido" in C:\Users\AMD\Videos\Sebo-Alfarrabio\backend\Views\templates\pedidos\index.php on line 431
[30-Jan-2026 02:02:20 UTC] PHP Warning:  Undefined array key "status_pedido" in C:\Users\AMD\Videos\Sebo-Alfarrabio\backend\Views\templates\pedidos\index.php on line 434
[30-Jan-2026 02:02:20 UTC] PHP Warning:  Undefined array key "id_pedido" in C:\Users\AMD\Videos\Sebo-Alfarrabio\backend\Views\templates\pedidos\index.php on line 436
[30-Jan-2026 02:02:20 UTC] PHP Warning:  Undefined array key "id_pedido" in C:\Users\AMD\Videos\Sebo-Alfarrabio\backend\Views\templates\pedidos\index.php on line 439
[30-Jan-2026 02:02:29 UTC] PHP Warning:  Undefined array key "id_venda" in C:\Users\AMD\Videos\Sebo-Alfarrabio\backend\Views\templates\vendas\index.php on line 477
[30-Jan-2026 02:02:29 UTC] PHP Warning:  Undefined array key "id_venda" in C:\Users\AMD\Videos\Sebo-Alfarrabio\backend\Views\templates\vendas\index.php on line 496
[30-Jan-2026 02:02:29 UTC] PHP Warning:  Undefined array key "id_venda" in C:\Users\AMD\Videos\Sebo-Alfarrabio\backend\Views\templates\vendas\index.php on line 501
[30-Jan-2026 02:02:29 UTC] PHP Warning:  Undefined array key "id_venda" in C:\Users\AMD\Videos\Sebo-Alfarrabio\backend\Views\templates\vendas\index.php on line 477
[30-Jan-2026 02:02:29 UTC] PHP Warning:  Undefined array key "id_venda" in C:\Users\AMD\Videos\Sebo-Alfarrabio\backend\Views\templates\vendas\index.php on line 496
[30-Jan-2026 02:02:29 UTC] PHP Warning:  Undefined array key "id_venda" in C:\Users\AMD\Videos\Sebo-Alfarrabio\backend\Views\templates\vendas\index.php on line 501
[30-Jan-2026 02:02:29 UTC] PHP Warning:  Undefined array key "id_venda" in C:\Users\AMD\Videos\Sebo-Alfarrabio\backend\Views\templates\vendas\index.php on line 477
[30-Jan-2026 02:02:29 UTC] PHP Warning:  Undefined array key "id_venda" in C:\Users\AMD\Videos\Sebo-Alfarrabio\backend\Views\templates\vendas\index.php on line 496
[30-Jan-2026 02:02:29 UTC] PHP Warning:  Undefined array key "id_venda" in C:\Users\AMD\Videos\Sebo-Alfarrabio\backend\Views\templates\vendas\index.php on line 501
[30-Jan-2026 02:02:29 UTC] PHP Warning:  Undefined array key "id_venda" in C:\Users\AMD\Videos\Sebo-Alfarrabio\backend\Views\templates\vendas\index.php on line 477
[30-Jan-2026 02:02:29 UTC] PHP Warning:  Undefined array key "id_venda" in C:\Users\AMD\Videos\Sebo-Alfarrabio\backend\Views\templates\vendas\index.php on line 496
[30-Jan-2026 02:02:29 UTC] PHP Warning:  Undefined array key "id_venda" in C:\Users\AMD\Videos\Sebo-Alfarrabio\backend\Views\templates\vendas\index.php on line 501
[30-Jan-2026 02:02:29 UTC] PHP Warning:  Undefined array key "id_venda" in C:\Users\AMD\Videos\Sebo-Alfarrabio\backend\Views\templates\vendas\index.php on line 477
[30-Jan-2026 02:02:29 UTC] PHP Warning:  Undefined array key "id_venda" in C:\Users\AMD\Videos\Sebo-Alfarrabio\backend\Views\templates\vendas\index.php on line 496
[30-Jan-2026 02:02:29 UTC] PHP Warning:  Undefined array key "id_venda" in C:\Users\AMD\Videos\Sebo-Alfarrabio\backend\Views\templates\vendas\index.php on line 501
[30-Jan-2026 02:02:29 UTC] PHP Warning:  Undefined array key "id_venda" in C:\Users\AMD\Videos\Sebo-Alfarrabio\backend\Views\templates\vendas\index.php on line 477
[30-Jan-2026 02:02:29 UTC] PHP Warning:  Undefined array key "id_venda" in C:\Users\AMD\Videos\Sebo-Alfarrabio\backend\Views\templates\vendas\index.php on line 496
[30-Jan-2026 02:02:29 UTC] PHP Warning:  Undefined array key "id_venda" in C:\Users\AMD\Videos\Sebo-Alfarrabio\backend\Views\templates\vendas\index.php on line 501
[30-Jan-2026 02:02:29 UTC] PHP Warning:  Undefined array key "id_venda" in C:\Users\AMD\Videos\Sebo-Alfarrabio\backend\Views\templates\vendas\index.php on line 477
[30-Jan-2026 02:02:29 UTC] PHP Warning:  Undefined array key "id_venda" in C:\Users\AMD\Videos\Sebo-Alfarrabio\backend\Views\templates\vendas\index.php on line 496
[30-Jan-2026 02:02:29 UTC] PHP Warning:  Undefined array key "id_venda" in C:\Users\AMD\Videos\Sebo-Alfarrabio\backend\Views\templates\vendas\index.php on line 501
[30-Jan-2026 02:02:29 UTC] PHP Warning:  Undefined array key "id_venda" in C:\Users\AMD\Videos\Sebo-Alfarrabio\backend\Views\templates\vendas\index.php on line 477
[30-Jan-2026 02:02:29 UTC] PHP Warning:  Undefined array key "id_venda" in C:\Users\AMD\Videos\Sebo-Alfarrabio\backend\Views\templates\vendas\index.php on line 496
[30-Jan-2026 02:02:29 UTC] PHP Warning:  Undefined array key "id_venda" in C:\Users\AMD\Videos\Sebo-Alfarrabio\backend\Views\templates\vendas\index.php on line 501
[30-Jan-2026 02:02:29 UTC] PHP Warning:  Undefined array key "id_venda" in C:\Users\AMD\Videos\Sebo-Alfarrabio\backend\Views\templates\vendas\index.php on line 477
[30-Jan-2026 02:02:29 UTC] PHP Warning:  Undefined array key "id_venda" in C:\Users\AMD\Videos\Sebo-Alfarrabio\backend\Views\templates\vendas\index.php on line 496
[30-Jan-2026 02:02:29 UTC] PHP Warning:  Undefined array key "id_venda" in C:\Users\AMD\Videos\Sebo-Alfarrabio\backend\Views\templates\vendas\index.php on line 501
[30-Jan-2026 02:02:29 UTC] PHP Warning:  Undefined array key "id_venda" in C:\Users\AMD\Videos\Sebo-Alfarrabio\backend\Views\templates\vendas\index.php on line 477
[30-Jan-2026 02:02:29 UTC] PHP Warning:  Undefined array key "id_venda" in C:\Users\AMD\Videos\Sebo-Alfarrabio\backend\Views\templates\vendas\index.php on line 496
[30-Jan-2026 02:02:29 UTC] PHP Warning:  Undefined array key "id_venda" in C:\Users\AMD\Videos\Sebo-Alfarrabio\backend\Views\templates\vendas\index.php on line 501
[30-Jan-2026 02:07:19 UTC] PHP Warning:  Undefined array key "id_genero" in C:\Users\AMD\Videos\Sebo-Alfarrabio\backend\Views\templates\item\edit.php on line 1021
[30-Jan-2026 02:07:19 UTC] PHP Warning:  Undefined array key "id_genero" in C:\Users\AMD\Videos\Sebo-Alfarrabio\backend\Views\templates\item\edit.php on line 1021
[30-Jan-2026 02:07:19 UTC] PHP Warning:  Undefined array key "nome_genero" in C:\Users\AMD\Videos\Sebo-Alfarrabio\backend\Views\templates\item\edit.php on line 1022
[30-Jan-2026 02:07:19 UTC] PHP Warning:  Undefined array key "id_genero" in C:\Users\AMD\Videos\Sebo-Alfarrabio\backend\Views\templates\item\edit.php on line 1021
[30-Jan-2026 02:07:19 UTC] PHP Warning:  Undefined array key "id_genero" in C:\Users\AMD\Videos\Sebo-Alfarrabio\backend\Views\templates\item\edit.php on line 1021
[30-Jan-2026 02:07:19 UTC] PHP Warning:  Undefined array key "nome_genero" in C:\Users\AMD\Videos\Sebo-Alfarrabio\backend\Views\templates\item\edit.php on line 1022
[30-Jan-2026 02:07:19 UTC] PHP Warning:  Undefined array key "id_genero" in C:\Users\AMD\Videos\Sebo-Alfarrabio\backend\Views\templates\item\edit.php on line 1021
[30-Jan-2026 02:07:19 UTC] PHP Warning:  Undefined array key "id_genero" in C:\Users\AMD\Videos\Sebo-Alfarrabio\backend\Views\templates\item\edit.php on line 1021
[30-Jan-2026 02:07:19 UTC] PHP Warning:  Undefined array key "nome_genero" in C:\Users\AMD\Videos\Sebo-Alfarrabio\backend\Views\templates\item\edit.php on line 1022
[30-Jan-2026 02:07:19 UTC] PHP Warning:  Undefined array key "id_genero" in C:\Users\AMD\Videos\Sebo-Alfarrabio\backend\Views\templates\item\edit.php on line 1021
[30-Jan-2026 02:07:19 UTC] PHP Warning:  Undefined array key "id_genero" in C:\Users\AMD\Videos\Sebo-Alfarrabio\backend\Views\templates\item\edit.php on line 1021
[30-Jan-2026 02:07:19 UTC] PHP Warning:  Undefined array key "nome_genero" in C:\Users\AMD\Videos\Sebo-Alfarrabio\backend\Views\templates\item\edit.php on line 1022
[30-Jan-2026 02:07:19 UTC] PHP Warning:  Undefined array key "id_genero" in C:\Users\AMD\Videos\Sebo-Alfarrabio\backend\Views\templates\item\edit.php on line 1021
[30-Jan-2026 02:07:19 UTC] PHP Warning:  Undefined array key "id_genero" in C:\Users\AMD\Videos\Sebo-Alfarrabio\backend\Views\templates\item\edit.php on line 1021
[30-Jan-2026 02:07:19 UTC] PHP Warning:  Undefined array key "nome_genero" in C:\Users\AMD\Videos\Sebo-Alfarrabio\backend\Views\templates\item\edit.php on line 1022
[30-Jan-2026 02:07:19 UTC] PHP Warning:  Undefined array key "id_genero" in C:\Users\AMD\Videos\Sebo-Alfarrabio\backend\Views\templates\item\edit.php on line 1021
[30-Jan-2026 02:07:19 UTC] PHP Warning:  Undefined array key "id_genero" in C:\Users\AMD\Videos\Sebo-Alfarrabio\backend\Views\templates\item\edit.php on line 1021
[30-Jan-2026 02:07:19 UTC] PHP Warning:  Undefined array key "nome_genero" in C:\Users\AMD\Videos\Sebo-Alfarrabio\backend\Views\templates\item\edit.php on line 1022
[30-Jan-2026 02:07:19 UTC] PHP Warning:  Undefined array key "id_genero" in C:\Users\AMD\Videos\Sebo-Alfarrabio\backend\Views\templates\item\edit.php on line 1021
[30-Jan-2026 02:07:19 UTC] PHP Warning:  Undefined array key "id_genero" in C:\Users\AMD\Videos\Sebo-Alfarrabio\backend\Views\templates\item\edit.php on line 1021
[30-Jan-2026 02:07:19 UTC] PHP Warning:  Undefined array key "nome_genero" in C:\Users\AMD\Videos\Sebo-Alfarrabio\backend\Views\templates\item\edit.php on line 1022
[30-Jan-2026 02:07:19 UTC] PHP Warning:  Undefined array key "id_genero" in C:\Users\AMD\Videos\Sebo-Alfarrabio\backend\Views\templates\item\edit.php on line 1021
[30-Jan-2026 02:07:19 UTC] PHP Warning:  Undefined array key "id_genero" in C:\Users\AMD\Videos\Sebo-Alfarrabio\backend\Views\templates\item\edit.php on line 1021
[30-Jan-2026 02:07:19 UTC] PHP Warning:  Undefined array key "nome_genero" in C:\Users\AMD\Videos\Sebo-Alfarrabio\backend\Views\templates\item\edit.php on line 1022
[30-Jan-2026 02:07:19 UTC] PHP Warning:  Undefined array key "id_genero" in C:\Users\AMD\Videos\Sebo-Alfarrabio\backend\Views\templates\item\edit.php on line 1021
[30-Jan-2026 02:07:19 UTC] PHP Warning:  Undefined array key "id_genero" in C:\Users\AMD\Videos\Sebo-Alfarrabio\backend\Views\templates\item\edit.php on line 1021
[30-Jan-2026 02:07:19 UTC] PHP Warning:  Undefined array key "nome_genero" in C:\Users\AMD\Videos\Sebo-Alfarrabio\backend\Views\templates\item\edit.php on line 1022
[30-Jan-2026 02:07:19 UTC] PHP Warning:  Undefined array key "id_genero" in C:\Users\AMD\Videos\Sebo-Alfarrabio\backend\Views\templates\item\edit.php on line 1021
[30-Jan-2026 02:07:19 UTC] PHP Warning:  Undefined array key "id_genero" in C:\Users\AMD\Videos\Sebo-Alfarrabio\backend\Views\templates\item\edit.php on line 1021
[30-Jan-2026 02:07:19 UTC] PHP Warning:  Undefined array key "nome_genero" in C:\Users\AMD\Videos\Sebo-Alfarrabio\backend\Views\templates\item\edit.php on line 1022
[30-Jan-2026 02:07:19 UTC] PHP Warning:  Undefined array key "id_genero" in C:\Users\AMD\Videos\Sebo-Alfarrabio\backend\Views\templates\item\edit.php on line 1021
[30-Jan-2026 02:07:19 UTC] PHP Warning:  Undefined array key "id_genero" in C:\Users\AMD\Videos\Sebo-Alfarrabio\backend\Views\templates\item\edit.php on line 1021
[30-Jan-2026 02:07:19 UTC] PHP Warning:  Undefined array key "nome_genero" in C:\Users\AMD\Videos\Sebo-Alfarrabio\backend\Views\templates\item\edit.php on line 1022
[30-Jan-2026 02:07:19 UTC] PHP Warning:  Undefined array key "id_genero" in C:\Users\AMD\Videos\Sebo-Alfarrabio\backend\Views\templates\item\edit.php on line 1021
[30-Jan-2026 02:07:19 UTC] PHP Warning:  Undefined array key "id_genero" in C:\Users\AMD\Videos\Sebo-Alfarrabio\backend\Views\templates\item\edit.php on line 1021
[30-Jan-2026 02:07:19 UTC] PHP Warning:  Undefined array key "nome_genero" in C:\Users\AMD\Videos\Sebo-Alfarrabio\backend\Views\templates\item\edit.php on line 1022
[30-Jan-2026 02:07:19 UTC] PHP Warning:  Undefined array key "id_genero" in C:\Users\AMD\Videos\Sebo-Alfarrabio\backend\Views\templates\item\edit.php on line 1021
[30-Jan-2026 02:07:19 UTC] PHP Warning:  Undefined array key "id_genero" in C:\Users\AMD\Videos\Sebo-Alfarrabio\backend\Views\templates\item\edit.php on line 1021
[30-Jan-2026 02:07:19 UTC] PHP Warning:  Undefined array key "nome_genero" in C:\Users\AMD\Videos\Sebo-Alfarrabio\backend\Views\templates\item\edit.php on line 1022
[30-Jan-2026 02:07:19 UTC] PHP Warning:  Undefined array key "id_genero" in C:\Users\AMD\Videos\Sebo-Alfarrabio\backend\Views\templates\item\edit.php on line 1021
[30-Jan-2026 02:07:19 UTC] PHP Warning:  Undefined array key "id_genero" in C:\Users\AMD\Videos\Sebo-Alfarrabio\backend\Views\templates\item\edit.php on line 1021
[30-Jan-2026 02:07:19 UTC] PHP Warning:  Undefined array key "nome_genero" in C:\Users\AMD\Videos\Sebo-Alfarrabio\backend\Views\templates\item\edit.php on line 1022
[30-Jan-2026 02:07:19 UTC] PHP Warning:  Undefined array key "id_genero" in C:\Users\AMD\Videos\Sebo-Alfarrabio\backend\Views\templates\item\edit.php on line 1021
[30-Jan-2026 02:07:19 UTC] PHP Warning:  Undefined array key "id_genero" in C:\Users\AMD\Videos\Sebo-Alfarrabio\backend\Views\templates\item\edit.php on line 1021
[30-Jan-2026 02:07:19 UTC] PHP Warning:  Undefined array key "nome_genero" in C:\Users\AMD\Videos\Sebo-Alfarrabio\backend\Views\templates\item\edit.php on line 1022
[30-Jan-2026 02:19:23 UTC] PHP Warning:  Undefined array key "nome_genero" in C:\Users\AMD\Videos\Sebo-Alfarrabio\backend\Views\templates\genero\index.php on line 23
[30-Jan-2026 02:19:23 UTC] PHP Warning:  Undefined array key "id_genero" in C:\Users\AMD\Videos\Sebo-Alfarrabio\backend\Views\templates\genero\index.php on line 26
[30-Jan-2026 02:19:23 UTC] PHP Warning:  Undefined array key "id_genero" in C:\Users\AMD\Videos\Sebo-Alfarrabio\backend\Views\templates\genero\index.php on line 32
[30-Jan-2026 02:19:23 UTC] PHP Warning:  Undefined array key "id_genero" in C:\Users\AMD\Videos\Sebo-Alfarrabio\backend\Views\templates\genero\index.php on line 35
[30-Jan-2026 02:19:23 UTC] PHP Warning:  Undefined array key "nome_genero" in C:\Users\AMD\Videos\Sebo-Alfarrabio\backend\Views\templates\genero\index.php on line 23
[30-Jan-2026 02:19:23 UTC] PHP Warning:  Undefined array key "id_genero" in C:\Users\AMD\Videos\Sebo-Alfarrabio\backend\Views\templates\genero\index.php on line 26
[30-Jan-2026 02:19:23 UTC] PHP Warning:  Undefined array key "id_genero" in C:\Users\AMD\Videos\Sebo-Alfarrabio\backend\Views\templates\genero\index.php on line 32
[30-Jan-2026 02:19:23 UTC] PHP Warning:  Undefined array key "id_genero" in C:\Users\AMD\Videos\Sebo-Alfarrabio\backend\Views\templates\genero\index.php on line 35
[30-Jan-2026 02:19:23 UTC] PHP Warning:  Undefined array key "nome_genero" in C:\Users\AMD\Videos\Sebo-Alfarrabio\backend\Views\templates\genero\index.php on line 23
[30-Jan-2026 02:19:23 UTC] PHP Warning:  Undefined array key "id_genero" in C:\Users\AMD\Videos\Sebo-Alfarrabio\backend\Views\templates\genero\index.php on line 26
[30-Jan-2026 02:19:23 UTC] PHP Warning:  Undefined array key "id_genero" in C:\Users\AMD\Videos\Sebo-Alfarrabio\backend\Views\templates\genero\index.php on line 32
[30-Jan-2026 02:19:23 UTC] PHP Warning:  Undefined array key "id_genero" in C:\Users\AMD\Videos\Sebo-Alfarrabio\backend\Views\templates\genero\index.php on line 35
[30-Jan-2026 02:19:23 UTC] PHP Warning:  Undefined array key "nome_genero" in C:\Users\AMD\Videos\Sebo-Alfarrabio\backend\Views\templates\genero\index.php on line 23
[30-Jan-2026 02:19:23 UTC] PHP Warning:  Undefined array key "id_genero" in C:\Users\AMD\Videos\Sebo-Alfarrabio\backend\Views\templates\genero\index.php on line 26
[30-Jan-2026 02:19:23 UTC] PHP Warning:  Undefined array key "id_genero" in C:\Users\AMD\Videos\Sebo-Alfarrabio\backend\Views\templates\genero\index.php on line 32
[30-Jan-2026 02:19:23 UTC] PHP Warning:  Undefined array key "id_genero" in C:\Users\AMD\Videos\Sebo-Alfarrabio\backend\Views\templates\genero\index.php on line 35
[30-Jan-2026 02:19:23 UTC] PHP Warning:  Undefined array key "nome_genero" in C:\Users\AMD\Videos\Sebo-Alfarrabio\backend\Views\templates\genero\index.php on line 23
[30-Jan-2026 02:19:23 UTC] PHP Warning:  Undefined array key "id_genero" in C:\Users\AMD\Videos\Sebo-Alfarrabio\backend\Views\templates\genero\index.php on line 26
[30-Jan-2026 02:19:23 UTC] PHP Warning:  Undefined array key "id_genero" in C:\Users\AMD\Videos\Sebo-Alfarrabio\backend\Views\templates\genero\index.php on line 32
[30-Jan-2026 02:19:23 UTC] PHP Warning:  Undefined array key "id_genero" in C:\Users\AMD\Videos\Sebo-Alfarrabio\backend\Views\templates\genero\index.php on line 35
[30-Jan-2026 02:19:23 UTC] PHP Warning:  Undefined array key "nome_genero" in C:\Users\AMD\Videos\Sebo-Alfarrabio\backend\Views\templates\genero\index.php on line 23
[30-Jan-2026 02:19:23 UTC] PHP Warning:  Undefined array key "id_genero" in C:\Users\AMD\Videos\Sebo-Alfarrabio\backend\Views\templates\genero\index.php on line 26
[30-Jan-2026 02:19:23 UTC] PHP Warning:  Undefined array key "id_genero" in C:\Users\AMD\Videos\Sebo-Alfarrabio\backend\Views\templates\genero\index.php on line 32
[30-Jan-2026 02:19:23 UTC] PHP Warning:  Undefined array key "id_genero" in C:\Users\AMD\Videos\Sebo-Alfarrabio\backend\Views\templates\genero\index.php on line 35
[30-Jan-2026 02:19:23 UTC] PHP Warning:  Undefined array key "nome_genero" in C:\Users\AMD\Videos\Sebo-Alfarrabio\backend\Views\templates\genero\index.php on line 23
[30-Jan-2026 02:19:23 UTC] PHP Warning:  Undefined array key "id_genero" in C:\Users\AMD\Videos\Sebo-Alfarrabio\backend\Views\templates\genero\index.php on line 26
[30-Jan-2026 02:19:23 UTC] PHP Warning:  Undefined array key "id_genero" in C:\Users\AMD\Videos\Sebo-Alfarrabio\backend\Views\templates\genero\index.php on line 32
[30-Jan-2026 02:19:23 UTC] PHP Warning:  Undefined array key "id_genero" in C:\Users\AMD\Videos\Sebo-Alfarrabio\backend\Views\templates\genero\index.php on line 35
[30-Jan-2026 02:19:23 UTC] PHP Warning:  Undefined array key "nome_genero" in C:\Users\AMD\Videos\Sebo-Alfarrabio\backend\Views\templates\genero\index.php on line 23
[30-Jan-2026 02:19:23 UTC] PHP Warning:  Undefined array key "id_genero" in C:\Users\AMD\Videos\Sebo-Alfarrabio\backend\Views\templates\genero\index.php on line 26
[30-Jan-2026 02:19:23 UTC] PHP Warning:  Undefined array key "id_genero" in C:\Users\AMD\Videos\Sebo-Alfarrabio\backend\Views\templates\genero\index.php on line 32
[30-Jan-2026 02:19:23 UTC] PHP Warning:  Undefined array key "id_genero" in C:\Users\AMD\Videos\Sebo-Alfarrabio\backend\Views\templates\genero\index.php on line 35
[30-Jan-2026 02:19:23 UTC] PHP Warning:  Undefined array key "nome_genero" in C:\Users\AMD\Videos\Sebo-Alfarrabio\backend\Views\templates\genero\index.php on line 23
[30-Jan-2026 02:19:23 UTC] PHP Warning:  Undefined array key "id_genero" in C:\Users\AMD\Videos\Sebo-Alfarrabio\backend\Views\templates\genero\index.php on line 26
[30-Jan-2026 02:19:23 UTC] PHP Warning:  Undefined array key "id_genero" in C:\Users\AMD\Videos\Sebo-Alfarrabio\backend\Views\templates\genero\index.php on line 32
[30-Jan-2026 02:19:23 UTC] PHP Warning:  Undefined array key "id_genero" in C:\Users\AMD\Videos\Sebo-Alfarrabio\backend\Views\templates\genero\index.php on line 35
[30-Jan-2026 02:19:23 UTC] PHP Warning:  Undefined array key "nome_genero" in C:\Users\AMD\Videos\Sebo-Alfarrabio\backend\Views\templates\genero\index.php on line 23
[30-Jan-2026 02:19:23 UTC] PHP Warning:  Undefined array key "id_genero" in C:\Users\AMD\Videos\Sebo-Alfarrabio\backend\Views\templates\genero\index.php on line 26
[30-Jan-2026 02:19:23 UTC] PHP Warning:  Undefined array key "id_genero" in C:\Users\AMD\Videos\Sebo-Alfarrabio\backend\Views\templates\genero\index.php on line 32
[30-Jan-2026 02:19:23 UTC] PHP Warning:  Undefined array key "id_genero" in C:\Users\AMD\Videos\Sebo-Alfarrabio\backend\Views\templates\genero\index.php on line 35
[30-Jan-2026 02:19:23 UTC] PHP Warning:  Undefined array key "nome_genero" in C:\Users\AMD\Videos\Sebo-Alfarrabio\backend\Views\templates\genero\index.php on line 23
[30-Jan-2026 02:19:23 UTC] PHP Warning:  Undefined array key "id_genero" in C:\Users\AMD\Videos\Sebo-Alfarrabio\backend\Views\templates\genero\index.php on line 26
[30-Jan-2026 02:19:23 UTC] PHP Warning:  Undefined array key "id_genero" in C:\Users\AMD\Videos\Sebo-Alfarrabio\backend\Views\templates\genero\index.php on line 32
[30-Jan-2026 02:19:23 UTC] PHP Warning:  Undefined array key "id_genero" in C:\Users\AMD\Videos\Sebo-Alfarrabio\backend\Views\templates\genero\index.php on line 35
[30-Jan-2026 02:19:23 UTC] PHP Warning:  Undefined array key "nome_genero" in C:\Users\AMD\Videos\Sebo-Alfarrabio\backend\Views\templates\genero\index.php on line 23
[30-Jan-2026 02:19:23 UTC] PHP Warning:  Undefined array key "id_genero" in C:\Users\AMD\Videos\Sebo-Alfarrabio\backend\Views\templates\genero\index.php on line 26
[30-Jan-2026 02:19:23 UTC] PHP Warning:  Undefined array key "id_genero" in C:\Users\AMD\Videos\Sebo-Alfarrabio\backend\Views\templates\genero\index.php on line 32
[30-Jan-2026 02:19:23 UTC] PHP Warning:  Undefined array key "id_genero" in C:\Users\AMD\Videos\Sebo-Alfarrabio\backend\Views\templates\genero\index.php on line 35
[30-Jan-2026 02:19:23 UTC] PHP Warning:  Undefined array key "nome_genero" in C:\Users\AMD\Videos\Sebo-Alfarrabio\backend\Views\templates\genero\index.php on line 23
[30-Jan-2026 02:19:23 UTC] PHP Warning:  Undefined array key "id_genero" in C:\Users\AMD\Videos\Sebo-Alfarrabio\backend\Views\templates\genero\index.php on line 26
[30-Jan-2026 02:19:23 UTC] PHP Warning:  Undefined array key "id_genero" in C:\Users\AMD\Videos\Sebo-Alfarrabio\backend\Views\templates\genero\index.php on line 32
[30-Jan-2026 02:19:23 UTC] PHP Warning:  Undefined array key "id_genero" in C:\Users\AMD\Videos\Sebo-Alfarrabio\backend\Views\templates\genero\index.php on line 35
[30-Jan-2026 02:19:23 UTC] PHP Warning:  Undefined array key "nome_genero" in C:\Users\AMD\Videos\Sebo-Alfarrabio\backend\Views\templates\genero\index.php on line 23
[30-Jan-2026 02:19:23 UTC] PHP Warning:  Undefined array key "id_genero" in C:\Users\AMD\Videos\Sebo-Alfarrabio\backend\Views\templates\genero\index.php on line 26
[30-Jan-2026 02:19:23 UTC] PHP Warning:  Undefined array key "id_genero" in C:\Users\AMD\Videos\Sebo-Alfarrabio\backend\Views\templates\genero\index.php on line 32
[30-Jan-2026 02:19:23 UTC] PHP Warning:  Undefined array key "id_genero" in C:\Users\AMD\Videos\Sebo-Alfarrabio\backend\Views\templates\genero\index.php on line 35
[30-Jan-2026 02:19:23 UTC] PHP Warning:  Undefined array key "nome_genero" in C:\Users\AMD\Videos\Sebo-Alfarrabio\backend\Views\templates\genero\index.php on line 23
[30-Jan-2026 02:19:23 UTC] PHP Warning:  Undefined array key "id_genero" in C:\Users\AMD\Videos\Sebo-Alfarrabio\backend\Views\templates\genero\index.php on line 26
[30-Jan-2026 02:19:23 UTC] PHP Warning:  Undefined array key "id_genero" in C:\Users\AMD\Videos\Sebo-Alfarrabio\backend\Views\templates\genero\index.php on line 32
[30-Jan-2026 02:19:23 UTC] PHP Warning:  Undefined array key "id_genero" in C:\Users\AMD\Videos\Sebo-Alfarrabio\backend\Views\templates\genero\index.php on line 35
[30-Jan-2026 02:19:49 UTC] PHP Warning:  Undefined array key "nome_genero" in C:\Users\AMD\Videos\Sebo-Alfarrabio\backend\Views\templates\genero\index.php on line 23
[30-Jan-2026 02:19:49 UTC] PHP Warning:  Undefined array key "id_genero" in C:\Users\AMD\Videos\Sebo-Alfarrabio\backend\Views\templates\genero\index.php on line 26
[30-Jan-2026 02:19:49 UTC] PHP Warning:  Undefined array key "id_genero" in C:\Users\AMD\Videos\Sebo-Alfarrabio\backend\Views\templates\genero\index.php on line 32
[30-Jan-2026 02:19:49 UTC] PHP Warning:  Undefined array key "id_genero" in C:\Users\AMD\Videos\Sebo-Alfarrabio\backend\Views\templates\genero\index.php on line 35
[30-Jan-2026 02:19:49 UTC] PHP Warning:  Undefined array key "nome_genero" in C:\Users\AMD\Videos\Sebo-Alfarrabio\backend\Views\templates\genero\index.php on line 23
[30-Jan-2026 02:19:49 UTC] PHP Warning:  Undefined array key "id_genero" in C:\Users\AMD\Videos\Sebo-Alfarrabio\backend\Views\templates\genero\index.php on line 26
[30-Jan-2026 02:19:49 UTC] PHP Warning:  Undefined array key "id_genero" in C:\Users\AMD\Videos\Sebo-Alfarrabio\backend\Views\templates\genero\index.php on line 32
[30-Jan-2026 02:19:49 UTC] PHP Warning:  Undefined array key "id_genero" in C:\Users\AMD\Videos\Sebo-Alfarrabio\backend\Views\templates\genero\index.php on line 35
[30-Jan-2026 02:19:49 UTC] PHP Warning:  Undefined array key "nome_genero" in C:\Users\AMD\Videos\Sebo-Alfarrabio\backend\Views\templates\genero\index.php on line 23
[30-Jan-2026 02:19:49 UTC] PHP Warning:  Undefined array key "id_genero" in C:\Users\AMD\Videos\Sebo-Alfarrabio\backend\Views\templates\genero\index.php on line 26
[30-Jan-2026 02:19:49 UTC] PHP Warning:  Undefined array key "id_genero" in C:\Users\AMD\Videos\Sebo-Alfarrabio\backend\Views\templates\genero\index.php on line 32
[30-Jan-2026 02:19:49 UTC] PHP Warning:  Undefined array key "id_genero" in C:\Users\AMD\Videos\Sebo-Alfarrabio\backend\Views\templates\genero\index.php on line 35
[30-Jan-2026 02:19:49 UTC] PHP Warning:  Undefined array key "nome_genero" in C:\Users\AMD\Videos\Sebo-Alfarrabio\backend\Views\templates\genero\index.php on line 23
[30-Jan-2026 02:19:49 UTC] PHP Warning:  Undefined array key "id_genero" in C:\Users\AMD\Videos\Sebo-Alfarrabio\backend\Views\templates\genero\index.php on line 26
[30-Jan-2026 02:19:49 UTC] PHP Warning:  Undefined array key "id_genero" in C:\Users\AMD\Videos\Sebo-Alfarrabio\backend\Views\templates\genero\index.php on line 32
[30-Jan-2026 02:19:49 UTC] PHP Warning:  Undefined array key "id_genero" in C:\Users\AMD\Videos\Sebo-Alfarrabio\backend\Views\templates\genero\index.php on line 35
[30-Jan-2026 02:19:49 UTC] PHP Warning:  Undefined array key "nome_genero" in C:\Users\AMD\Videos\Sebo-Alfarrabio\backend\Views\templates\genero\index.php on line 23
[30-Jan-2026 02:19:49 UTC] PHP Warning:  Undefined array key "id_genero" in C:\Users\AMD\Videos\Sebo-Alfarrabio\backend\Views\templates\genero\index.php on line 26
[30-Jan-2026 02:19:49 UTC] PHP Warning:  Undefined array key "id_genero" in C:\Users\AMD\Videos\Sebo-Alfarrabio\backend\Views\templates\genero\index.php on line 32
[30-Jan-2026 02:19:49 UTC] PHP Warning:  Undefined array key "id_genero" in C:\Users\AMD\Videos\Sebo-Alfarrabio\backend\Views\templates\genero\index.php on line 35
[30-Jan-2026 02:19:49 UTC] PHP Warning:  Undefined array key "nome_genero" in C:\Users\AMD\Videos\Sebo-Alfarrabio\backend\Views\templates\genero\index.php on line 23
[30-Jan-2026 02:19:49 UTC] PHP Warning:  Undefined array key "id_genero" in C:\Users\AMD\Videos\Sebo-Alfarrabio\backend\Views\templates\genero\index.php on line 26
[30-Jan-2026 02:19:49 UTC] PHP Warning:  Undefined array key "id_genero" in C:\Users\AMD\Videos\Sebo-Alfarrabio\backend\Views\templates\genero\index.php on line 32
[30-Jan-2026 02:19:49 UTC] PHP Warning:  Undefined array key "id_genero" in C:\Users\AMD\Videos\Sebo-Alfarrabio\backend\Views\templates\genero\index.php on line 35
[30-Jan-2026 02:19:49 UTC] PHP Warning:  Undefined array key "nome_genero" in C:\Users\AMD\Videos\Sebo-Alfarrabio\backend\Views\templates\genero\index.php on line 23
[30-Jan-2026 02:19:49 UTC] PHP Warning:  Undefined array key "id_genero" in C:\Users\AMD\Videos\Sebo-Alfarrabio\backend\Views\templates\genero\index.php on line 26
[30-Jan-2026 02:19:49 UTC] PHP Warning:  Undefined array key "id_genero" in C:\Users\AMD\Videos\Sebo-Alfarrabio\backend\Views\templates\genero\index.php on line 32
[30-Jan-2026 02:19:49 UTC] PHP Warning:  Undefined array key "id_genero" in C:\Users\AMD\Videos\Sebo-Alfarrabio\backend\Views\templates\genero\index.php on line 35
[30-Jan-2026 02:19:49 UTC] PHP Warning:  Undefined array key "nome_genero" in C:\Users\AMD\Videos\Sebo-Alfarrabio\backend\Views\templates\genero\index.php on line 23
[30-Jan-2026 02:19:49 UTC] PHP Warning:  Undefined array key "id_genero" in C:\Users\AMD\Videos\Sebo-Alfarrabio\backend\Views\templates\genero\index.php on line 26
[30-Jan-2026 02:19:49 UTC] PHP Warning:  Undefined array key "id_genero" in C:\Users\AMD\Videos\Sebo-Alfarrabio\backend\Views\templates\genero\index.php on line 32
[30-Jan-2026 02:19:49 UTC] PHP Warning:  Undefined array key "id_genero" in C:\Users\AMD\Videos\Sebo-Alfarrabio\backend\Views\templates\genero\index.php on line 35
[30-Jan-2026 02:19:49 UTC] PHP Warning:  Undefined array key "nome_genero" in C:\Users\AMD\Videos\Sebo-Alfarrabio\backend\Views\templates\genero\index.php on line 23
[30-Jan-2026 02:19:49 UTC] PHP Warning:  Undefined array key "id_genero" in C:\Users\AMD\Videos\Sebo-Alfarrabio\backend\Views\templates\genero\index.php on line 26
[30-Jan-2026 02:19:49 UTC] PHP Warning:  Undefined array key "id_genero" in C:\Users\AMD\Videos\Sebo-Alfarrabio\backend\Views\templates\genero\index.php on line 32
[30-Jan-2026 02:19:49 UTC] PHP Warning:  Undefined array key "id_genero" in C:\Users\AMD\Videos\Sebo-Alfarrabio\backend\Views\templates\genero\index.php on line 35
[30-Jan-2026 02:19:49 UTC] PHP Warning:  Undefined array key "nome_genero" in C:\Users\AMD\Videos\Sebo-Alfarrabio\backend\Views\templates\genero\index.php on line 23
[30-Jan-2026 02:19:49 UTC] PHP Warning:  Undefined array key "id_genero" in C:\Users\AMD\Videos\Sebo-Alfarrabio\backend\Views\templates\genero\index.php on line 26
[30-Jan-2026 02:19:49 UTC] PHP Warning:  Undefined array key "id_genero" in C:\Users\AMD\Videos\Sebo-Alfarrabio\backend\Views\templates\genero\index.php on line 32
[30-Jan-2026 02:19:49 UTC] PHP Warning:  Undefined array key "id_genero" in C:\Users\AMD\Videos\Sebo-Alfarrabio\backend\Views\templates\genero\index.php on line 35
[30-Jan-2026 02:19:49 UTC] PHP Warning:  Undefined array key "nome_genero" in C:\Users\AMD\Videos\Sebo-Alfarrabio\backend\Views\templates\genero\index.php on line 23
[30-Jan-2026 02:19:49 UTC] PHP Warning:  Undefined array key "id_genero" in C:\Users\AMD\Videos\Sebo-Alfarrabio\backend\Views\templates\genero\index.php on line 26
[30-Jan-2026 02:19:49 UTC] PHP Warning:  Undefined array key "id_genero" in C:\Users\AMD\Videos\Sebo-Alfarrabio\backend\Views\templates\genero\index.php on line 32
[30-Jan-2026 02:19:49 UTC] PHP Warning:  Undefined array key "id_genero" in C:\Users\AMD\Videos\Sebo-Alfarrabio\backend\Views\templates\genero\index.php on line 35
[30-Jan-2026 02:19:49 UTC] PHP Warning:  Undefined array key "nome_genero" in C:\Users\AMD\Videos\Sebo-Alfarrabio\backend\Views\templates\genero\index.php on line 23
[30-Jan-2026 02:19:49 UTC] PHP Warning:  Undefined array key "id_genero" in C:\Users\AMD\Videos\Sebo-Alfarrabio\backend\Views\templates\genero\index.php on line 26
[30-Jan-2026 02:19:49 UTC] PHP Warning:  Undefined array key "id_genero" in C:\Users\AMD\Videos\Sebo-Alfarrabio\backend\Views\templates\genero\index.php on line 32
[30-Jan-2026 02:19:49 UTC] PHP Warning:  Undefined array key "id_genero" in C:\Users\AMD\Videos\Sebo-Alfarrabio\backend\Views\templates\genero\index.php on line 35
[30-Jan-2026 02:19:49 UTC] PHP Warning:  Undefined array key "nome_genero" in C:\Users\AMD\Videos\Sebo-Alfarrabio\backend\Views\templates\genero\index.php on line 23
[30-Jan-2026 02:19:49 UTC] PHP Warning:  Undefined array key "id_genero" in C:\Users\AMD\Videos\Sebo-Alfarrabio\backend\Views\templates\genero\index.php on line 26
[30-Jan-2026 02:19:49 UTC] PHP Warning:  Undefined array key "id_genero" in C:\Users\AMD\Videos\Sebo-Alfarrabio\backend\Views\templates\genero\index.php on line 32
[30-Jan-2026 02:19:49 UTC] PHP Warning:  Undefined array key "id_genero" in C:\Users\AMD\Videos\Sebo-Alfarrabio\backend\Views\templates\genero\index.php on line 35
[30-Jan-2026 02:19:49 UTC] PHP Warning:  Undefined array key "nome_genero" in C:\Users\AMD\Videos\Sebo-Alfarrabio\backend\Views\templates\genero\index.php on line 23
[30-Jan-2026 02:19:49 UTC] PHP Warning:  Undefined array key "id_genero" in C:\Users\AMD\Videos\Sebo-Alfarrabio\backend\Views\templates\genero\index.php on line 26
[30-Jan-2026 02:19:49 UTC] PHP Warning:  Undefined array key "id_genero" in C:\Users\AMD\Videos\Sebo-Alfarrabio\backend\Views\templates\genero\index.php on line 32
[30-Jan-2026 02:19:49 UTC] PHP Warning:  Undefined array key "id_genero" in C:\Users\AMD\Videos\Sebo-Alfarrabio\backend\Views\templates\genero\index.php on line 35
[30-Jan-2026 02:19:49 UTC] PHP Warning:  Undefined array key "nome_genero" in C:\Users\AMD\Videos\Sebo-Alfarrabio\backend\Views\templates\genero\index.php on line 23
[30-Jan-2026 02:19:49 UTC] PHP Warning:  Undefined array key "id_genero" in C:\Users\AMD\Videos\Sebo-Alfarrabio\backend\Views\templates\genero\index.php on line 26
[30-Jan-2026 02:19:49 UTC] PHP Warning:  Undefined array key "id_genero" in C:\Users\AMD\Videos\Sebo-Alfarrabio\backend\Views\templates\genero\index.php on line 32
[30-Jan-2026 02:19:49 UTC] PHP Warning:  Undefined array key "id_genero" in C:\Users\AMD\Videos\Sebo-Alfarrabio\backend\Views\templates\genero\index.php on line 35
[30-Jan-2026 02:22:39 UTC] PHP Warning:  Undefined array key "id_pedido" in C:\Users\AMD\Videos\Sebo-Alfarrabio\backend\Views\templates\pedidos\index.php on line 431
[30-Jan-2026 02:22:39 UTC] PHP Warning:  Undefined array key "status_pedido" in C:\Users\AMD\Videos\Sebo-Alfarrabio\backend\Views\templates\pedidos\index.php on line 434
[30-Jan-2026 02:22:39 UTC] PHP Warning:  Undefined array key "id_pedido" in C:\Users\AMD\Videos\Sebo-Alfarrabio\backend\Views\templates\pedidos\index.php on line 436
[30-Jan-2026 02:22:39 UTC] PHP Warning:  Undefined array key "id_pedido" in C:\Users\AMD\Videos\Sebo-Alfarrabio\backend\Views\templates\pedidos\index.php on line 439
[30-Jan-2026 02:22:39 UTC] PHP Warning:  Undefined array key "id_pedido" in C:\Users\AMD\Videos\Sebo-Alfarrabio\backend\Views\templates\pedidos\index.php on line 431
[30-Jan-2026 02:22:39 UTC] PHP Warning:  Undefined array key "status_pedido" in C:\Users\AMD\Videos\Sebo-Alfarrabio\backend\Views\templates\pedidos\index.php on line 434
[30-Jan-2026 02:22:39 UTC] PHP Warning:  Undefined array key "id_pedido" in C:\Users\AMD\Videos\Sebo-Alfarrabio\backend\Views\templates\pedidos\index.php on line 436
[30-Jan-2026 02:22:39 UTC] PHP Warning:  Undefined array key "id_pedido" in C:\Users\AMD\Videos\Sebo-Alfarrabio\backend\Views\templates\pedidos\index.php on line 439
[30-Jan-2026 02:22:39 UTC] PHP Warning:  Undefined array key "id_pedido" in C:\Users\AMD\Videos\Sebo-Alfarrabio\backend\Views\templates\pedidos\index.php on line 431
[30-Jan-2026 02:22:39 UTC] PHP Warning:  Undefined array key "status_pedido" in C:\Users\AMD\Videos\Sebo-Alfarrabio\backend\Views\templates\pedidos\index.php on line 434
[30-Jan-2026 02:22:39 UTC] PHP Warning:  Undefined array key "id_pedido" in C:\Users\AMD\Videos\Sebo-Alfarrabio\backend\Views\templates\pedidos\index.php on line 436
[30-Jan-2026 02:22:39 UTC] PHP Warning:  Undefined array key "id_pedido" in C:\Users\AMD\Videos\Sebo-Alfarrabio\backend\Views\templates\pedidos\index.php on line 439
[30-Jan-2026 02:22:39 UTC] PHP Warning:  Undefined array key "id_pedido" in C:\Users\AMD\Videos\Sebo-Alfarrabio\backend\Views\templates\pedidos\index.php on line 431
[30-Jan-2026 02:22:39 UTC] PHP Warning:  Undefined array key "status_pedido" in C:\Users\AMD\Videos\Sebo-Alfarrabio\backend\Views\templates\pedidos\index.php on line 434
[30-Jan-2026 02:22:39 UTC] PHP Warning:  Undefined array key "id_pedido" in C:\Users\AMD\Videos\Sebo-Alfarrabio\backend\Views\templates\pedidos\index.php on line 436
[30-Jan-2026 02:22:39 UTC] PHP Warning:  Undefined array key "id_pedido" in C:\Users\AMD\Videos\Sebo-Alfarrabio\backend\Views\templates\pedidos\index.php on line 439
[30-Jan-2026 02:22:39 UTC] PHP Warning:  Undefined array key "id_pedido" in C:\Users\AMD\Videos\Sebo-Alfarrabio\backend\Views\templates\pedidos\index.php on line 431
[30-Jan-2026 02:22:39 UTC] PHP Warning:  Undefined array key "status_pedido" in C:\Users\AMD\Videos\Sebo-Alfarrabio\backend\Views\templates\pedidos\index.php on line 434
[30-Jan-2026 02:22:39 UTC] PHP Warning:  Undefined array key "id_pedido" in C:\Users\AMD\Videos\Sebo-Alfarrabio\backend\Views\templates\pedidos\index.php on line 436
[30-Jan-2026 02:22:39 UTC] PHP Warning:  Undefined array key "id_pedido" in C:\Users\AMD\Videos\Sebo-Alfarrabio\backend\Views\templates\pedidos\index.php on line 439
[30-Jan-2026 02:22:39 UTC] PHP Warning:  Undefined array key "id_pedido" in C:\Users\AMD\Videos\Sebo-Alfarrabio\backend\Views\templates\pedidos\index.php on line 431
[30-Jan-2026 02:22:39 UTC] PHP Warning:  Undefined array key "status_pedido" in C:\Users\AMD\Videos\Sebo-Alfarrabio\backend\Views\templates\pedidos\index.php on line 434
[30-Jan-2026 02:22:39 UTC] PHP Warning:  Undefined array key "id_pedido" in C:\Users\AMD\Videos\Sebo-Alfarrabio\backend\Views\templates\pedidos\index.php on line 436
[30-Jan-2026 02:22:39 UTC] PHP Warning:  Undefined array key "id_pedido" in C:\Users\AMD\Videos\Sebo-Alfarrabio\backend\Views\templates\pedidos\index.php on line 439
[30-Jan-2026 02:27:24 UTC] Login bem-sucedido: seboAlfarrabio@gmail.com
[30-Jan-2026 02:27:45 UTC] PHP Warning:  require_once(C:\Users\AMD\Videos\Sebo-Alfarrabio\backend\Core/../Views/templates//backend/categoria/create.php): Failed to open stream: No such file or directory in C:\Users\AMD\Videos\Sebo-Alfarrabio\backend\Core\View.php on line 15
[30-Jan-2026 02:27:45 UTC] PHP Warning:  http_response_code(): Cannot set response code - headers already sent (output started at C:\Users\AMD\Videos\Sebo-Alfarrabio\backend\Views\templates\partials\header.php:187) in C:\Users\AMD\Videos\Sebo-Alfarrabio\backend\index.php on line 61
[30-Jan-2026 02:32:57 UTC] Login bem-sucedido: seboAlfarrabio@gmail.com
[30-Jan-2026 02:33:09 UTC] PHP Warning:  require_once(C:\Users\AMD\Videos\Sebo-Alfarrabio\backend\Core/../Views/templates//backend/categoria/edit.php): Failed to open stream: No such file or directory in C:\Users\AMD\Videos\Sebo-Alfarrabio\backend\Core\View.php on line 15
[30-Jan-2026 02:33:09 UTC] PHP Warning:  http_response_code(): Cannot set response code - headers already sent (output started at C:\Users\AMD\Videos\Sebo-Alfarrabio\backend\Views\templates\partials\header.php:187) in C:\Users\AMD\Videos\Sebo-Alfarrabio\backend\index.php on line 61
[30-Jan-2026 02:39:45 UTC] PHP Warning:  Undefined array key "id_pedido" in C:\Users\AMD\Videos\Sebo-Alfarrabio\backend\Views\templates\pedidos\index.php on line 431
[30-Jan-2026 02:39:45 UTC] PHP Warning:  Undefined array key "status_pedido" in C:\Users\AMD\Videos\Sebo-Alfarrabio\backend\Views\templates\pedidos\index.php on line 434
[30-Jan-2026 02:39:45 UTC] PHP Warning:  Undefined array key "id_pedido" in C:\Users\AMD\Videos\Sebo-Alfarrabio\backend\Views\templates\pedidos\index.php on line 436
[30-Jan-2026 02:39:45 UTC] PHP Warning:  Undefined array key "id_pedido" in C:\Users\AMD\Videos\Sebo-Alfarrabio\backend\Views\templates\pedidos\index.php on line 439
[30-Jan-2026 02:39:45 UTC] PHP Warning:  Undefined array key "id_pedido" in C:\Users\AMD\Videos\Sebo-Alfarrabio\backend\Views\templates\pedidos\index.php on line 431
[30-Jan-2026 02:39:45 UTC] PHP Warning:  Undefined array key "status_pedido" in C:\Users\AMD\Videos\Sebo-Alfarrabio\backend\Views\templates\pedidos\index.php on line 434
[30-Jan-2026 02:39:45 UTC] PHP Warning:  Undefined array key "id_pedido" in C:\Users\AMD\Videos\Sebo-Alfarrabio\backend\Views\templates\pedidos\index.php on line 436
[30-Jan-2026 02:39:45 UTC] PHP Warning:  Undefined array key "id_pedido" in C:\Users\AMD\Videos\Sebo-Alfarrabio\backend\Views\templates\pedidos\index.php on line 439
[30-Jan-2026 02:39:45 UTC] PHP Warning:  Undefined array key "id_pedido" in C:\Users\AMD\Videos\Sebo-Alfarrabio\backend\Views\templates\pedidos\index.php on line 431
[30-Jan-2026 02:39:45 UTC] PHP Warning:  Undefined array key "status_pedido" in C:\Users\AMD\Videos\Sebo-Alfarrabio\backend\Views\templates\pedidos\index.php on line 434
[30-Jan-2026 02:39:45 UTC] PHP Warning:  Undefined array key "id_pedido" in C:\Users\AMD\Videos\Sebo-Alfarrabio\backend\Views\templates\pedidos\index.php on line 436
[30-Jan-2026 02:39:45 UTC] PHP Warning:  Undefined array key "id_pedido" in C:\Users\AMD\Videos\Sebo-Alfarrabio\backend\Views\templates\pedidos\index.php on line 439
[30-Jan-2026 02:39:45 UTC] PHP Warning:  Undefined array key "id_pedido" in C:\Users\AMD\Videos\Sebo-Alfarrabio\backend\Views\templates\pedidos\index.php on line 431
[30-Jan-2026 02:39:45 UTC] PHP Warning:  Undefined array key "status_pedido" in C:\Users\AMD\Videos\Sebo-Alfarrabio\backend\Views\templates\pedidos\index.php on line 434
[30-Jan-2026 02:39:45 UTC] PHP Warning:  Undefined array key "id_pedido" in C:\Users\AMD\Videos\Sebo-Alfarrabio\backend\Views\templates\pedidos\index.php on line 436
[30-Jan-2026 02:39:45 UTC] PHP Warning:  Undefined array key "id_pedido" in C:\Users\AMD\Videos\Sebo-Alfarrabio\backend\Views\templates\pedidos\index.php on line 439
[30-Jan-2026 02:39:45 UTC] PHP Warning:  Undefined array key "id_pedido" in C:\Users\AMD\Videos\Sebo-Alfarrabio\backend\Views\templates\pedidos\index.php on line 431
[30-Jan-2026 02:39:45 UTC] PHP Warning:  Undefined array key "status_pedido" in C:\Users\AMD\Videos\Sebo-Alfarrabio\backend\Views\templates\pedidos\index.php on line 434
[30-Jan-2026 02:39:45 UTC] PHP Warning:  Undefined array key "id_pedido" in C:\Users\AMD\Videos\Sebo-Alfarrabio\backend\Views\templates\pedidos\index.php on line 436
[30-Jan-2026 02:39:45 UTC] PHP Warning:  Undefined array key "id_pedido" in C:\Users\AMD\Videos\Sebo-Alfarrabio\backend\Views\templates\pedidos\index.php on line 439
[30-Jan-2026 02:39:45 UTC] PHP Warning:  Undefined array key "id_pedido" in C:\Users\AMD\Videos\Sebo-Alfarrabio\backend\Views\templates\pedidos\index.php on line 431
[30-Jan-2026 02:39:45 UTC] PHP Warning:  Undefined array key "status_pedido" in C:\Users\AMD\Videos\Sebo-Alfarrabio\backend\Views\templates\pedidos\index.php on line 434
[30-Jan-2026 02:39:45 UTC] PHP Warning:  Undefined array key "id_pedido" in C:\Users\AMD\Videos\Sebo-Alfarrabio\backend\Views\templates\pedidos\index.php on line 436
[30-Jan-2026 02:39:45 UTC] PHP Warning:  Undefined array key "id_pedido" in C:\Users\AMD\Videos\Sebo-Alfarrabio\backend\Views\templates\pedidos\index.php on line 439
[30-Jan-2026 02:40:14 UTC] PHP Warning:  Undefined array key "id_pedido" in C:\Users\AMD\Videos\Sebo-Alfarrabio\backend\Views\templates\pedidos\index.php on line 431
[30-Jan-2026 02:40:14 UTC] PHP Warning:  Undefined array key "status_pedido" in C:\Users\AMD\Videos\Sebo-Alfarrabio\backend\Views\templates\pedidos\index.php on line 434
[30-Jan-2026 02:40:14 UTC] PHP Warning:  Undefined array key "id_pedido" in C:\Users\AMD\Videos\Sebo-Alfarrabio\backend\Views\templates\pedidos\index.php on line 436
[30-Jan-2026 02:40:14 UTC] PHP Warning:  Undefined array key "id_pedido" in C:\Users\AMD\Videos\Sebo-Alfarrabio\backend\Views\templates\pedidos\index.php on line 439
[30-Jan-2026 02:40:14 UTC] PHP Warning:  Undefined array key "id_pedido" in C:\Users\AMD\Videos\Sebo-Alfarrabio\backend\Views\templates\pedidos\index.php on line 431
[30-Jan-2026 02:40:14 UTC] PHP Warning:  Undefined array key "status_pedido" in C:\Users\AMD\Videos\Sebo-Alfarrabio\backend\Views\templates\pedidos\index.php on line 434
[30-Jan-2026 02:40:14 UTC] PHP Warning:  Undefined array key "id_pedido" in C:\Users\AMD\Videos\Sebo-Alfarrabio\backend\Views\templates\pedidos\index.php on line 436
[30-Jan-2026 02:40:14 UTC] PHP Warning:  Undefined array key "id_pedido" in C:\Users\AMD\Videos\Sebo-Alfarrabio\backend\Views\templates\pedidos\index.php on line 439
[30-Jan-2026 02:40:14 UTC] PHP Warning:  Undefined array key "id_pedido" in C:\Users\AMD\Videos\Sebo-Alfarrabio\backend\Views\templates\pedidos\index.php on line 431
[30-Jan-2026 02:40:14 UTC] PHP Warning:  Undefined array key "status_pedido" in C:\Users\AMD\Videos\Sebo-Alfarrabio\backend\Views\templates\pedidos\index.php on line 434
[30-Jan-2026 02:40:14 UTC] PHP Warning:  Undefined array key "id_pedido" in C:\Users\AMD\Videos\Sebo-Alfarrabio\backend\Views\templates\pedidos\index.php on line 436
[30-Jan-2026 02:40:14 UTC] PHP Warning:  Undefined array key "id_pedido" in C:\Users\AMD\Videos\Sebo-Alfarrabio\backend\Views\templates\pedidos\index.php on line 439
[30-Jan-2026 02:40:14 UTC] PHP Warning:  Undefined array key "id_pedido" in C:\Users\AMD\Videos\Sebo-Alfarrabio\backend\Views\templates\pedidos\index.php on line 431
[30-Jan-2026 02:40:14 UTC] PHP Warning:  Undefined array key "status_pedido" in C:\Users\AMD\Videos\Sebo-Alfarrabio\backend\Views\templates\pedidos\index.php on line 434
[30-Jan-2026 02:40:14 UTC] PHP Warning:  Undefined array key "id_pedido" in C:\Users\AMD\Videos\Sebo-Alfarrabio\backend\Views\templates\pedidos\index.php on line 436
[30-Jan-2026 02:40:14 UTC] PHP Warning:  Undefined array key "id_pedido" in C:\Users\AMD\Videos\Sebo-Alfarrabio\backend\Views\templates\pedidos\index.php on line 439
[30-Jan-2026 02:40:14 UTC] PHP Warning:  Undefined array key "id_pedido" in C:\Users\AMD\Videos\Sebo-Alfarrabio\backend\Views\templates\pedidos\index.php on line 431
[30-Jan-2026 02:40:14 UTC] PHP Warning:  Undefined array key "status_pedido" in C:\Users\AMD\Videos\Sebo-Alfarrabio\backend\Views\templates\pedidos\index.php on line 434
[30-Jan-2026 02:40:14 UTC] PHP Warning:  Undefined array key "id_pedido" in C:\Users\AMD\Videos\Sebo-Alfarrabio\backend\Views\templates\pedidos\index.php on line 436
[30-Jan-2026 02:40:14 UTC] PHP Warning:  Undefined array key "id_pedido" in C:\Users\AMD\Videos\Sebo-Alfarrabio\backend\Views\templates\pedidos\index.php on line 439
[30-Jan-2026 02:40:14 UTC] PHP Warning:  Undefined array key "id_pedido" in C:\Users\AMD\Videos\Sebo-Alfarrabio\backend\Views\templates\pedidos\index.php on line 431
[30-Jan-2026 02:40:14 UTC] PHP Warning:  Undefined array key "status_pedido" in C:\Users\AMD\Videos\Sebo-Alfarrabio\backend\Views\templates\pedidos\index.php on line 434
[30-Jan-2026 02:40:14 UTC] PHP Warning:  Undefined array key "id_pedido" in C:\Users\AMD\Videos\Sebo-Alfarrabio\backend\Views\templates\pedidos\index.php on line 436
[30-Jan-2026 02:40:14 UTC] PHP Warning:  Undefined array key "id_pedido" in C:\Users\AMD\Videos\Sebo-Alfarrabio\backend\Views\templates\pedidos\index.php on line 439
[30-Jan-2026 02:52:30 UTC] Login bem-sucedido: seboAlfarrabio@gmail.com
[30-Jan-2026 03:36:31 UTC] PHP Warning:  session_start(): Session cannot be started after headers have already been sent in C:\Users\AMD\Videos\Sebo-Alfarrabio\backend\Core\Session.php on line 7
[30-Jan-2026 03:36:31 UTC] PHP Warning:  session_start(): Session cannot be started after headers have already been sent in C:\Users\AMD\Videos\Sebo-Alfarrabio\backend\Core\Flash.php on line 15
[30-Jan-2026 03:36:32 UTC] PHP Warning:  session_start(): Session cannot be started after headers have already been sent in C:\Users\AMD\Videos\Sebo-Alfarrabio\backend\Core\Session.php on line 7
[30-Jan-2026 03:36:32 UTC] PHP Warning:  session_start(): Session cannot be started after headers have already been sent in C:\Users\AMD\Videos\Sebo-Alfarrabio\backend\Core\Flash.php on line 15
[30-Jan-2026 03:37:26 UTC] PHP Warning:  session_start(): Session cannot be started after headers have already been sent in C:\Users\AMD\Videos\Sebo-Alfarrabio\backend\Core\Session.php on line 7
[30-Jan-2026 03:37:26 UTC] PHP Warning:  session_start(): Session cannot be started after headers have already been sent in C:\Users\AMD\Videos\Sebo-Alfarrabio\backend\Core\Flash.php on line 15
[30-Jan-2026 03:37:27 UTC] PHP Warning:  session_start(): Session cannot be started after headers have already been sent in C:\Users\AMD\Videos\Sebo-Alfarrabio\backend\Core\Session.php on line 7
[30-Jan-2026 03:37:27 UTC] PHP Warning:  session_start(): Session cannot be started after headers have already been sent in C:\Users\AMD\Videos\Sebo-Alfarrabio\backend\Core\Flash.php on line 15
[30-Jan-2026 03:37:34 UTC] PHP Warning:  session_start(): Session cannot be started after headers have already been sent in C:\Users\AMD\Videos\Sebo-Alfarrabio\backend\Core\Session.php on line 7
[30-Jan-2026 03:37:34 UTC] PHP Warning:  session_start(): Session cannot be started after headers have already been sent in C:\Users\AMD\Videos\Sebo-Alfarrabio\backend\Core\Flash.php on line 15
[30-Jan-2026 03:37:35 UTC] PHP Warning:  session_start(): Session cannot be started after headers have already been sent in C:\Users\AMD\Videos\Sebo-Alfarrabio\backend\Core\Session.php on line 7
[30-Jan-2026 03:37:35 UTC] PHP Warning:  session_start(): Session cannot be started after headers have already been sent in C:\Users\AMD\Videos\Sebo-Alfarrabio\backend\Core\Flash.php on line 15
[30-Jan-2026 04:06:07 UTC] PHP Warning:  session_start(): Session cannot be started after headers have already been sent in C:\Users\AMD\Videos\Sebo-Alfarrabio\backend\Core\Session.php on line 7
[30-Jan-2026 04:06:07 UTC] PHP Warning:  session_start(): Session cannot be started after headers have already been sent in C:\Users\AMD\Videos\Sebo-Alfarrabio\backend\Core\Flash.php on line 15
[30-Jan-2026 04:45:47 UTC] Login bem-sucedido: seboAlfarrabio@gmail.com
[30-Jan-2026 04:45:59 UTC] PHP Warning:  session_start(): Session cannot be started after headers have already been sent in C:\Users\AMD\Videos\Sebo-Alfarrabio\backend\Core\Session.php on line 7
[30-Jan-2026 04:45:59 UTC] PHP Warning:  session_start(): Session cannot be started after headers have already been sent in C:\Users\AMD\Videos\Sebo-Alfarrabio\backend\Core\Flash.php on line 15
[30-Jan-2026 04:45:59 UTC] PHP Warning:  Undefined array key "id_pedido" in C:\Users\AMD\Videos\Sebo-Alfarrabio\backend\Views\templates\pedidos\index.php on line 457
[30-Jan-2026 04:45:59 UTC] PHP Warning:  Undefined array key "status_pedido" in C:\Users\AMD\Videos\Sebo-Alfarrabio\backend\Views\templates\pedidos\index.php on line 460
[30-Jan-2026 04:45:59 UTC] PHP Warning:  Undefined array key "id_pedido" in C:\Users\AMD\Videos\Sebo-Alfarrabio\backend\Views\templates\pedidos\index.php on line 462
[30-Jan-2026 04:45:59 UTC] PHP Warning:  Undefined array key "id_pedido" in C:\Users\AMD\Videos\Sebo-Alfarrabio\backend\Views\templates\pedidos\index.php on line 465
[30-Jan-2026 04:45:59 UTC] PHP Warning:  Undefined array key "id_pedido" in C:\Users\AMD\Videos\Sebo-Alfarrabio\backend\Views\templates\pedidos\index.php on line 457
[30-Jan-2026 04:45:59 UTC] PHP Warning:  Undefined array key "status_pedido" in C:\Users\AMD\Videos\Sebo-Alfarrabio\backend\Views\templates\pedidos\index.php on line 460
[30-Jan-2026 04:45:59 UTC] PHP Warning:  Undefined array key "id_pedido" in C:\Users\AMD\Videos\Sebo-Alfarrabio\backend\Views\templates\pedidos\index.php on line 462
[30-Jan-2026 04:45:59 UTC] PHP Warning:  Undefined array key "id_pedido" in C:\Users\AMD\Videos\Sebo-Alfarrabio\backend\Views\templates\pedidos\index.php on line 465
[30-Jan-2026 04:45:59 UTC] PHP Warning:  Undefined array key "id_pedido" in C:\Users\AMD\Videos\Sebo-Alfarrabio\backend\Views\templates\pedidos\index.php on line 457
[30-Jan-2026 04:45:59 UTC] PHP Warning:  Undefined array key "status_pedido" in C:\Users\AMD\Videos\Sebo-Alfarrabio\backend\Views\templates\pedidos\index.php on line 460
[30-Jan-2026 04:45:59 UTC] PHP Warning:  Undefined array key "id_pedido" in C:\Users\AMD\Videos\Sebo-Alfarrabio\backend\Views\templates\pedidos\index.php on line 462
[30-Jan-2026 04:45:59 UTC] PHP Warning:  Undefined array key "id_pedido" in C:\Users\AMD\Videos\Sebo-Alfarrabio\backend\Views\templates\pedidos\index.php on line 465
[30-Jan-2026 04:45:59 UTC] PHP Warning:  Undefined array key "id_pedido" in C:\Users\AMD\Videos\Sebo-Alfarrabio\backend\Views\templates\pedidos\index.php on line 457
[30-Jan-2026 04:45:59 UTC] PHP Warning:  Undefined array key "status_pedido" in C:\Users\AMD\Videos\Sebo-Alfarrabio\backend\Views\templates\pedidos\index.php on line 460
[30-Jan-2026 04:45:59 UTC] PHP Warning:  Undefined array key "id_pedido" in C:\Users\AMD\Videos\Sebo-Alfarrabio\backend\Views\templates\pedidos\index.php on line 462
[30-Jan-2026 04:45:59 UTC] PHP Warning:  Undefined array key "id_pedido" in C:\Users\AMD\Videos\Sebo-Alfarrabio\backend\Views\templates\pedidos\index.php on line 465
[30-Jan-2026 04:45:59 UTC] PHP Warning:  Undefined array key "id_pedido" in C:\Users\AMD\Videos\Sebo-Alfarrabio\backend\Views\templates\pedidos\index.php on line 457
[30-Jan-2026 04:45:59 UTC] PHP Warning:  Undefined array key "status_pedido" in C:\Users\AMD\Videos\Sebo-Alfarrabio\backend\Views\templates\pedidos\index.php on line 460
[30-Jan-2026 04:45:59 UTC] PHP Warning:  Undefined array key "id_pedido" in C:\Users\AMD\Videos\Sebo-Alfarrabio\backend\Views\templates\pedidos\index.php on line 462
[30-Jan-2026 04:45:59 UTC] PHP Warning:  Undefined array key "id_pedido" in C:\Users\AMD\Videos\Sebo-Alfarrabio\backend\Views\templates\pedidos\index.php on line 465
[30-Jan-2026 04:45:59 UTC] PHP Warning:  Undefined array key "id_pedido" in C:\Users\AMD\Videos\Sebo-Alfarrabio\backend\Views\templates\pedidos\index.php on line 457
[30-Jan-2026 04:45:59 UTC] PHP Warning:  Undefined array key "status_pedido" in C:\Users\AMD\Videos\Sebo-Alfarrabio\backend\Views\templates\pedidos\index.php on line 460
[30-Jan-2026 04:45:59 UTC] PHP Warning:  Undefined array key "id_pedido" in C:\Users\AMD\Videos\Sebo-Alfarrabio\backend\Views\templates\pedidos\index.php on line 462
[30-Jan-2026 04:45:59 UTC] PHP Warning:  Undefined array key "id_pedido" in C:\Users\AMD\Videos\Sebo-Alfarrabio\backend\Views\templates\pedidos\index.php on line 465
[30-Jan-2026 05:22:18 UTC] Login bem-sucedido: seboAlfarrabio@gmail.com
[30-Jan-2026 05:25:47 UTC] PHP Warning:  session_start(): Session cannot be started after headers have already been sent in C:\Users\AMD\Videos\Sebo-Alfarrabio\backend\Core\Session.php on line 7
[30-Jan-2026 05:25:47 UTC] PHP Warning:  session_start(): Session cannot be started after headers have already been sent in C:\Users\AMD\Videos\Sebo-Alfarrabio\backend\Core\Flash.php on line 15
[30-Jan-2026 05:25:48 UTC] PHP Warning:  session_start(): Session cannot be started after headers have already been sent in C:\Users\AMD\Videos\Sebo-Alfarrabio\backend\Core\Session.php on line 7
[30-Jan-2026 05:25:48 UTC] PHP Warning:  session_start(): Session cannot be started after headers have already been sent in C:\Users\AMD\Videos\Sebo-Alfarrabio\backend\Core\Flash.php on line 15
[30-Jan-2026 05:25:55 UTC] PHP Warning:  session_start(): Session cannot be started after headers have already been sent in C:\Users\AMD\Videos\Sebo-Alfarrabio\backend\Core\Session.php on line 7
[30-Jan-2026 05:25:55 UTC] PHP Warning:  session_start(): Session cannot be started after headers have already been sent in C:\Users\AMD\Videos\Sebo-Alfarrabio\backend\Core\Flash.php on line 15
[30-Jan-2026 05:26:24 UTC] PHP Warning:  session_start(): Session cannot be started after headers have already been sent in C:\Users\AMD\Videos\Sebo-Alfarrabio\backend\Core\Session.php on line 7
[30-Jan-2026 05:26:24 UTC] PHP Warning:  session_start(): Session cannot be started after headers have already been sent in C:\Users\AMD\Videos\Sebo-Alfarrabio\backend\Core\Flash.php on line 15
[30-Jan-2026 05:26:31 UTC] PHP Warning:  session_start(): Session cannot be started after headers have already been sent in C:\Users\AMD\Videos\Sebo-Alfarrabio\backend\Core\Session.php on line 7
[30-Jan-2026 05:26:31 UTC] PHP Warning:  session_start(): Session cannot be started after headers have already been sent in C:\Users\AMD\Videos\Sebo-Alfarrabio\backend\Core\Flash.php on line 15
[30-Jan-2026 05:26:35 UTC] PHP Warning:  session_start(): Session cannot be started after headers have already been sent in C:\Users\AMD\Videos\Sebo-Alfarrabio\backend\Core\Session.php on line 7
[30-Jan-2026 05:26:35 UTC] PHP Warning:  session_start(): Session cannot be started after headers have already been sent in C:\Users\AMD\Videos\Sebo-Alfarrabio\backend\Core\Flash.php on line 15
[30-Jan-2026 05:26:40 UTC] PHP Warning:  session_start(): Session cannot be started after headers have already been sent in C:\Users\AMD\Videos\Sebo-Alfarrabio\backend\Core\Session.php on line 7
[30-Jan-2026 05:26:40 UTC] PHP Warning:  session_start(): Session cannot be started after headers have already been sent in C:\Users\AMD\Videos\Sebo-Alfarrabio\backend\Core\Flash.php on line 15
