=== VERIFICAÇÃO DE LIVROS ===

Total de livros cadastrados: 48

Livros com descrição: 48
Livros sem descrição: 0

Livros com autor(es): 48
Livros sem autor: 0

=== EXEMPLOS DE LIVROS (primeiros 10) ===

ID: 1 | Título: Hold Me Closer: The Tiny Cooper Story Capa comum
Descrição: "Hold Me Closer" é uma obra literária que cativa...
Autores: David Levithan
---
ID: 2 | Título: Livro de Ouro da Liderança Capa comum
Descrição: "Livro de Ouro da Liderança" é uma leitura indis...
Autores: Autor Desconhecido
---
ID: 3 | Título: O Pequeno Príncipe e o Astronomo Capa dura
Descrição: Com uma narrativa cativante, "O Pequeno Príncipe ...
Autores: Antoine de Saint-Exupéry
---
ID: 4 | Título: Malorie: Sequência de caixa de pássaros: 2 Capa comum 
Descrição: Com uma narrativa cativante, "Malorie" transporta ...
Autores: Josh Malerman
---
ID: 5 | Título: Nós somos inevitáveis: Algumas histórias de amor estão destinadas a acontecer  Capa comum
Descrição: Este livro, "Nós somos inevitáveis", oferece uma...
Autores: Autor Desconhecido
---
ID: 6 | Título: As Garotas Spring Capa comum
Descrição: Este livro, "As Garotas Spring", oferece uma exper...
Autores: Anna Todd
---
ID: 7 | Título: Fuck love: Louco Amor Capa comum
Descrição: "Fuck love" é uma obra literária que cativa leit...
Autores: Tarryn Fisher
---
ID: 9 | Título: Reparação Capa comum
Descrição: "Reparação" é um livro que conquista pela quali...
Autores: Ian McEwan
---
ID: 10 | Título: Coração de tinta: 1 Capa comum 
Descrição: "Coração de Tinta" (Inkheart), escrito por Corne...
Autores: Cornelia Funke
---
ID: 11 | Título: Cartas para uma falsa dama Capa comum 
Descrição: "Cartas para uma falsa dama" é um livro que conqu...
Autores: Carol Townend
---

=== VERIFICAÇÃO CONCLUÍDA ===
Log salvo em: C:\Users\nathaly.cssilva3\Music\Sebo-Alfarrabio\backend\scripts/verificacao_livros.log
